2021-06-16 05:20:51,233 INFO org.springframework.boot.StartupInfoLogger [restartedMain] Starting UsuarioApplication using Java 15.0.1 on DESKTOP-KTL7JPA with PID 3076 (C:\Users\Usuario\Desktop\Sistemas\Electivas\Desarrollo de aplicaciones en la Nube\Laboratorio\Repositorios Integrados\dan-ms-usuarios\target\classes started by Usuario in C:\Users\Usuario\Desktop\Sistemas\Electivas\Desarrollo de aplicaciones en la Nube\Laboratorio\Repositorios Integrados\dan-ms-usuarios)
2021-06-16 05:20:51,241 INFO org.springframework.boot.SpringApplication [restartedMain] No active profile set, falling back to default profiles: default
2021-06-16 05:20:58,905 INFO org.springframework.boot.StartupInfoLogger [restartedMain] Started UsuarioApplication in 8.229 seconds (JVM running for 9.385)
2021-06-16 05:24:02,214 INFO com.dan.usuario.aspect.LogAspect [http-nio-9000-exec-8] A continuacion se ejecutara el metodo: crearCliente
2021-06-16 05:24:02,215 INFO com.dan.usuario.aspect.LogAspect [http-nio-9000-exec-8] Metodo de la clase: class com.dan.usuario.service.impl.ClienteServiceImpl
2021-06-16 05:24:02,215 INFO com.dan.usuario.aspect.LogAspect [http-nio-9000-exec-8] Argumentos: [Cliente [id=null, razonSocial=Construcciones Pablito, cuit=2038928293, mail=yuudfs@gmail.com, maxCuentaCorriente=5000.0, habilitadoOnline=false, user=Usuario [id=null, userr=yuudfs@gmail.com, password=1234, tipoUsuario=TipoUsuario [id=1, tipo=Cliente]]]]
2021-06-16 05:24:02,311 INFO com.dan.usuario.aspect.LogAspect [http-nio-9000-exec-8] Se ha ejecutado el metodo: crearCliente
2021-06-16 05:24:02,312 INFO com.dan.usuario.aspect.LogAspect [http-nio-9000-exec-8] A continuacion se ejecutara el metodo: createObra
2021-06-16 05:24:02,312 INFO com.dan.usuario.aspect.LogAspect [http-nio-9000-exec-8] Metodo de la clase: class com.dan.usuario.service.impl.ObraServiceImpl
2021-06-16 05:24:02,312 INFO com.dan.usuario.aspect.LogAspect [http-nio-9000-exec-8] Argumentos: [Obra [id=1, descripcion=Casa simple, latitud=43.3, longitud=-21.7, direccion=San Luis 2342 - Parana, superficie=25, tipo=TipoObra [id=2, descripcion=Casa], cliente=Cliente [id=1, razonSocial=Construcciones Pablito, cuit=2038928293, mail=yuudfs@gmail.com, maxCuentaCorriente=5000.0, habilitadoOnline=false, user=Usuario [id=1, userr=yuudfs@gmail.com, password=1234, tipoUsuario=TipoUsuario [id=1, tipo=Cliente]]]]]
2021-06-16 05:24:02,322 INFO com.dan.usuario.aspect.LogAspect [http-nio-9000-exec-8] Se ha ejecutado el metodo: createObra
2021-06-16 05:24:02,323 INFO com.dan.usuario.aspect.LogAspect [http-nio-9000-exec-8] A continuacion se ejecutara el metodo: createObra
2021-06-16 05:24:02,323 INFO com.dan.usuario.aspect.LogAspect [http-nio-9000-exec-8] Metodo de la clase: class com.dan.usuario.service.impl.ObraServiceImpl
2021-06-16 05:24:02,323 INFO com.dan.usuario.aspect.LogAspect [http-nio-9000-exec-8] Argumentos: [Obra [id=2, descripcion=Reforma de iglesia, latitud=51.3, longitud=-11.7, direccion=9 de Junio 432 - Laguna Paiva, superficie=50, tipo=TipoObra [id=1, descripcion=Reforma], cliente=Cliente [id=1, razonSocial=Construcciones Pablito, cuit=2038928293, mail=yuudfs@gmail.com, maxCuentaCorriente=5000.0, habilitadoOnline=false, user=Usuario [id=1, userr=yuudfs@gmail.com, password=1234, tipoUsuario=TipoUsuario [id=1, tipo=Cliente]]]]]
2021-06-16 05:24:02,326 INFO com.dan.usuario.aspect.LogAspect [http-nio-9000-exec-8] Se ha ejecutado el metodo: createObra
2021-06-16 05:24:05,683 INFO com.dan.usuario.aspect.LogAspect [http-nio-9000-exec-9] A continuacion se ejecutara el metodo: crearCliente
2021-06-16 05:24:05,684 INFO com.dan.usuario.aspect.LogAspect [http-nio-9000-exec-9] Metodo de la clase: class com.dan.usuario.service.impl.ClienteServiceImpl
2021-06-16 05:24:05,684 INFO com.dan.usuario.aspect.LogAspect [http-nio-9000-exec-9] Argumentos: [Cliente [id=null, razonSocial=Reformate, cuit=2454020324, mail=reformate_da@gmail.com, maxCuentaCorriente=5000.0, habilitadoOnline=false, user=Usuario [id=null, userr=reformate_da@gmail.com, password=1234, tipoUsuario=TipoUsuario [id=1, tipo=Cliente]]]]
2021-06-16 05:24:05,715 INFO com.dan.usuario.aspect.LogAspect [http-nio-9000-exec-9] Se ha ejecutado el metodo: crearCliente
2021-06-16 05:24:05,715 INFO com.dan.usuario.aspect.LogAspect [http-nio-9000-exec-9] A continuacion se ejecutara el metodo: createObra
2021-06-16 05:24:05,715 INFO com.dan.usuario.aspect.LogAspect [http-nio-9000-exec-9] Metodo de la clase: class com.dan.usuario.service.impl.ObraServiceImpl
2021-06-16 05:24:05,716 INFO com.dan.usuario.aspect.LogAspect [http-nio-9000-exec-9] Argumentos: [Obra [id=3, descripcion=Reforma de parque, latitud=60.3, longitud=31.7, direccion=27 de Febrero 220 - Rosario, superficie=50, tipo=TipoObra [id=1, descripcion=Reforma], cliente=Cliente [id=2, razonSocial=Reformate, cuit=2454020324, mail=reformate_da@gmail.com, maxCuentaCorriente=5000.0, habilitadoOnline=false, user=Usuario [id=2, userr=reformate_da@gmail.com, password=1234, tipoUsuario=TipoUsuario [id=1, tipo=Cliente]]]]]
2021-06-16 05:24:05,719 INFO com.dan.usuario.aspect.LogAspect [http-nio-9000-exec-9] Se ha ejecutado el metodo: createObra
2021-06-16 05:24:05,720 INFO com.dan.usuario.aspect.LogAspect [http-nio-9000-exec-9] A continuacion se ejecutara el metodo: createObra
2021-06-16 05:24:05,720 INFO com.dan.usuario.aspect.LogAspect [http-nio-9000-exec-9] Metodo de la clase: class com.dan.usuario.service.impl.ObraServiceImpl
2021-06-16 05:24:05,721 INFO com.dan.usuario.aspect.LogAspect [http-nio-9000-exec-9] Argumentos: [Obra [id=4, descripcion=Reforma de escuela, latitud=20.3, longitud=11.7, direccion=Achaval Rodríguez 1399 - Rosario, superficie=50, tipo=TipoObra [id=1, descripcion=Reforma], cliente=Cliente [id=2, razonSocial=Reformate, cuit=2454020324, mail=reformate_da@gmail.com, maxCuentaCorriente=5000.0, habilitadoOnline=false, user=Usuario [id=2, userr=reformate_da@gmail.com, password=1234, tipoUsuario=TipoUsuario [id=1, tipo=Cliente]]]]]
2021-06-16 05:24:05,722 INFO com.dan.usuario.aspect.LogAspect [http-nio-9000-exec-9] Se ha ejecutado el metodo: createObra
2021-06-16 05:24:05,722 INFO com.dan.usuario.aspect.LogAspect [http-nio-9000-exec-9] A continuacion se ejecutara el metodo: createObra
2021-06-16 05:24:05,723 INFO com.dan.usuario.aspect.LogAspect [http-nio-9000-exec-9] Metodo de la clase: class com.dan.usuario.service.impl.ObraServiceImpl
2021-06-16 05:24:05,723 INFO com.dan.usuario.aspect.LogAspect [http-nio-9000-exec-9] Argumentos: [Obra [id=5, descripcion=Reforma de escuela, latitud=43.3, longitud=25.2, direccion=Alvarez Jonte 777 - Rosario, superficie=55, tipo=TipoObra [id=1, descripcion=Reforma], cliente=Cliente [id=2, razonSocial=Reformate, cuit=2454020324, mail=reformate_da@gmail.com, maxCuentaCorriente=5000.0, habilitadoOnline=false, user=Usuario [id=2, userr=reformate_da@gmail.com, password=1234, tipoUsuario=TipoUsuario [id=1, tipo=Cliente]]]]]
2021-06-16 05:24:05,725 INFO com.dan.usuario.aspect.LogAspect [http-nio-9000-exec-9] Se ha ejecutado el metodo: createObra
2021-06-16 05:24:08,998 INFO com.dan.usuario.aspect.LogAspect [http-nio-9000-exec-10] A continuacion se ejecutara el metodo: crearCliente
2021-06-16 05:24:08,998 INFO com.dan.usuario.aspect.LogAspect [http-nio-9000-exec-10] Metodo de la clase: class com.dan.usuario.service.impl.ClienteServiceImpl
2021-06-16 05:24:08,999 INFO com.dan.usuario.aspect.LogAspect [http-nio-9000-exec-10] Argumentos: [Cliente [id=null, razonSocial=AmazingBuildings, cuit=2000318319, mail=ab2000@gmail.com, maxCuentaCorriente=5000.0, habilitadoOnline=false, user=Usuario [id=null, userr=ab2000@gmail.com, password=1234, tipoUsuario=TipoUsuario [id=1, tipo=Cliente]]]]
2021-06-16 05:24:09,030 INFO com.dan.usuario.aspect.LogAspect [http-nio-9000-exec-10] Se ha ejecutado el metodo: crearCliente
2021-06-16 05:24:09,031 INFO com.dan.usuario.aspect.LogAspect [http-nio-9000-exec-10] A continuacion se ejecutara el metodo: createObra
2021-06-16 05:24:09,031 INFO com.dan.usuario.aspect.LogAspect [http-nio-9000-exec-10] Metodo de la clase: class com.dan.usuario.service.impl.ObraServiceImpl
2021-06-16 05:24:09,031 INFO com.dan.usuario.aspect.LogAspect [http-nio-9000-exec-10] Argumentos: [Obra [id=6, descripcion=Construccion de edificio, latitud=60.3, longitud=31.7, direccion=27 de Febrero 222 - Rosario, superficie=55, tipo=TipoObra [id=3, descripcion=Edificio], cliente=Cliente [id=3, razonSocial=AmazingBuildings, cuit=2000318319, mail=ab2000@gmail.com, maxCuentaCorriente=5000.0, habilitadoOnline=false, user=Usuario [id=3, userr=ab2000@gmail.com, password=1234, tipoUsuario=TipoUsuario [id=1, tipo=Cliente]]]]]
2021-06-16 05:24:09,032 INFO com.dan.usuario.aspect.LogAspect [http-nio-9000-exec-10] Se ha ejecutado el metodo: createObra
2021-06-16 05:24:09,033 INFO com.dan.usuario.aspect.LogAspect [http-nio-9000-exec-10] A continuacion se ejecutara el metodo: createObra
2021-06-16 05:24:09,033 INFO com.dan.usuario.aspect.LogAspect [http-nio-9000-exec-10] Metodo de la clase: class com.dan.usuario.service.impl.ObraServiceImpl
2021-06-16 05:24:09,033 INFO com.dan.usuario.aspect.LogAspect [http-nio-9000-exec-10] Argumentos: [Obra [id=7, descripcion=Construccion de casa, latitud=20.3, longitud=11.7, direccion=Achaval Rodríguez 123 - Rosario, superficie=30, tipo=TipoObra [id=2, descripcion=Casa], cliente=Cliente [id=3, razonSocial=AmazingBuildings, cuit=2000318319, mail=ab2000@gmail.com, maxCuentaCorriente=5000.0, habilitadoOnline=false, user=Usuario [id=3, userr=ab2000@gmail.com, password=1234, tipoUsuario=TipoUsuario [id=1, tipo=Cliente]]]]]
2021-06-16 05:24:09,035 INFO com.dan.usuario.aspect.LogAspect [http-nio-9000-exec-10] Se ha ejecutado el metodo: createObra
2021-06-16 05:24:09,035 INFO com.dan.usuario.aspect.LogAspect [http-nio-9000-exec-10] A continuacion se ejecutara el metodo: createObra
2021-06-16 05:24:09,035 INFO com.dan.usuario.aspect.LogAspect [http-nio-9000-exec-10] Metodo de la clase: class com.dan.usuario.service.impl.ObraServiceImpl
2021-06-16 05:24:09,035 INFO com.dan.usuario.aspect.LogAspect [http-nio-9000-exec-10] Argumentos: [Obra [id=8, descripcion=Construccion de edificio, latitud=43.3, longitud=25.2, direccion=Alvarez Jonte 742 - Rosario, superficie=50, tipo=TipoObra [id=3, descripcion=Edificio], cliente=Cliente [id=3, razonSocial=AmazingBuildings, cuit=2000318319, mail=ab2000@gmail.com, maxCuentaCorriente=5000.0, habilitadoOnline=false, user=Usuario [id=3, userr=ab2000@gmail.com, password=1234, tipoUsuario=TipoUsuario [id=1, tipo=Cliente]]]]]
2021-06-16 05:24:09,037 INFO com.dan.usuario.aspect.LogAspect [http-nio-9000-exec-10] Se ha ejecutado el metodo: createObra
2021-06-16 05:24:11,833 INFO com.dan.usuario.aspect.LogAspect [http-nio-9000-exec-1] A continuacion se ejecutara el metodo: crearCliente
2021-06-16 05:24:11,834 INFO com.dan.usuario.aspect.LogAspect [http-nio-9000-exec-1] Metodo de la clase: class com.dan.usuario.service.impl.ClienteServiceImpl
2021-06-16 05:24:11,834 INFO com.dan.usuario.aspect.LogAspect [http-nio-9000-exec-1] Argumentos: [Cliente [id=null, razonSocial=Todo Construcciones, cuit=225212555, mail=todos_construcciones@gmail.com, maxCuentaCorriente=5000.0, habilitadoOnline=false, user=Usuario [id=null, userr=todos_construcciones@gmail.com, password=1234, tipoUsuario=TipoUsuario [id=1, tipo=Cliente]]]]
2021-06-16 05:24:11,851 INFO com.dan.usuario.aspect.LogAspect [http-nio-9000-exec-1] Se ha ejecutado el metodo: crearCliente
2021-06-16 05:24:11,852 INFO com.dan.usuario.aspect.LogAspect [http-nio-9000-exec-1] A continuacion se ejecutara el metodo: createObra
2021-06-16 05:24:11,852 INFO com.dan.usuario.aspect.LogAspect [http-nio-9000-exec-1] Metodo de la clase: class com.dan.usuario.service.impl.ObraServiceImpl
2021-06-16 05:24:11,853 INFO com.dan.usuario.aspect.LogAspect [http-nio-9000-exec-1] Argumentos: [Obra [id=9, descripcion=Reforma de parque, latitud=60.3, longitud=-31.7, direccion=27 de Febrero 620 - Rosario, superficie=30, tipo=TipoObra [id=1, descripcion=Reforma], cliente=Cliente [id=4, razonSocial=Todo Construcciones, cuit=225212555, mail=todos_construcciones@gmail.com, maxCuentaCorriente=5000.0, habilitadoOnline=false, user=Usuario [id=4, userr=todos_construcciones@gmail.com, password=1234, tipoUsuario=TipoUsuario [id=1, tipo=Cliente]]]]]
2021-06-16 05:24:11,855 INFO com.dan.usuario.aspect.LogAspect [http-nio-9000-exec-1] Se ha ejecutado el metodo: createObra
2021-06-16 05:24:11,855 INFO com.dan.usuario.aspect.LogAspect [http-nio-9000-exec-1] A continuacion se ejecutara el metodo: createObra
2021-06-16 05:24:11,855 INFO com.dan.usuario.aspect.LogAspect [http-nio-9000-exec-1] Metodo de la clase: class com.dan.usuario.service.impl.ObraServiceImpl
2021-06-16 05:24:11,856 INFO com.dan.usuario.aspect.LogAspect [http-nio-9000-exec-1] Argumentos: [Obra [id=10, descripcion=Construccion de casa, latitud=-20.3, longitud=11.7, direccion=Achaval Rodríguez 1000 - Rosario, superficie=30, tipo=TipoObra [id=2, descripcion=Casa], cliente=Cliente [id=4, razonSocial=Todo Construcciones, cuit=225212555, mail=todos_construcciones@gmail.com, maxCuentaCorriente=5000.0, habilitadoOnline=false, user=Usuario [id=4, userr=todos_construcciones@gmail.com, password=1234, tipoUsuario=TipoUsuario [id=1, tipo=Cliente]]]]]
2021-06-16 05:24:11,857 INFO com.dan.usuario.aspect.LogAspect [http-nio-9000-exec-1] Se ha ejecutado el metodo: createObra
2021-06-16 05:24:11,858 INFO com.dan.usuario.aspect.LogAspect [http-nio-9000-exec-1] A continuacion se ejecutara el metodo: createObra
2021-06-16 05:24:11,858 INFO com.dan.usuario.aspect.LogAspect [http-nio-9000-exec-1] Metodo de la clase: class com.dan.usuario.service.impl.ObraServiceImpl
2021-06-16 05:24:11,858 INFO com.dan.usuario.aspect.LogAspect [http-nio-9000-exec-1] Argumentos: [Obra [id=11, descripcion=Construccion de edificio, latitud=-43.3, longitud=-25.2, direccion=Alvarez Jonte 167 - Rosario, superficie=55, tipo=TipoObra [id=3, descripcion=Edificio], cliente=Cliente [id=4, razonSocial=Todo Construcciones, cuit=225212555, mail=todos_construcciones@gmail.com, maxCuentaCorriente=5000.0, habilitadoOnline=false, user=Usuario [id=4, userr=todos_construcciones@gmail.com, password=1234, tipoUsuario=TipoUsuario [id=1, tipo=Cliente]]]]]
2021-06-16 05:24:11,859 INFO com.dan.usuario.aspect.LogAspect [http-nio-9000-exec-1] Se ha ejecutado el metodo: createObra
2021-06-16 05:24:11,860 INFO com.dan.usuario.aspect.LogAspect [http-nio-9000-exec-1] A continuacion se ejecutara el metodo: createObra
2021-06-16 05:24:11,860 INFO com.dan.usuario.aspect.LogAspect [http-nio-9000-exec-1] Metodo de la clase: class com.dan.usuario.service.impl.ObraServiceImpl
2021-06-16 05:24:11,860 INFO com.dan.usuario.aspect.LogAspect [http-nio-9000-exec-1] Argumentos: [Obra [id=12, descripcion=Asfaltado de calle, latitud=53.3, longitud=35.2, direccion=Alvarez Jonte 0 al 600 - Rosario, superficie=55, tipo=TipoObra [id=4, descripcion=Vial], cliente=Cliente [id=4, razonSocial=Todo Construcciones, cuit=225212555, mail=todos_construcciones@gmail.com, maxCuentaCorriente=5000.0, habilitadoOnline=false, user=Usuario [id=4, userr=todos_construcciones@gmail.com, password=1234, tipoUsuario=TipoUsuario [id=1, tipo=Cliente]]]]]
2021-06-16 05:24:11,862 INFO com.dan.usuario.aspect.LogAspect [http-nio-9000-exec-1] Se ha ejecutado el metodo: createObra
2021-06-16 05:24:18,194 INFO com.dan.usuario.aspect.LogAspect [http-nio-9000-exec-2] A continuacion se ejecutara el metodo: createObra
2021-06-16 05:24:18,195 INFO com.dan.usuario.aspect.LogAspect [http-nio-9000-exec-2] Metodo de la clase: class com.dan.usuario.service.impl.ObraServiceImpl
2021-06-16 05:24:18,195 INFO com.dan.usuario.aspect.LogAspect [http-nio-9000-exec-2] Argumentos: [Obra [id=null, descripcion=Casa quinta, latitud=14.2, longitud=21.4, direccion=Entre Rios 750 - Santa Fe, superficie=35, tipo=TipoObra [id=2, descripcion=Casa], cliente=Cliente [id=1, razonSocial=null, cuit=null, mail=null, maxCuentaCorriente=null, habilitadoOnline=null, user=null]]]
2021-06-16 05:24:18,198 INFO com.dan.usuario.aspect.LogAspect [http-nio-9000-exec-2] Se ha ejecutado el metodo: createObra
2021-06-16 05:24:21,099 INFO com.dan.usuario.aspect.LogAspect [http-nio-9000-exec-3] A continuacion se ejecutara el metodo: createObra
2021-06-16 05:24:21,099 INFO com.dan.usuario.aspect.LogAspect [http-nio-9000-exec-3] Metodo de la clase: class com.dan.usuario.service.impl.ObraServiceImpl
2021-06-16 05:24:21,099 INFO com.dan.usuario.aspect.LogAspect [http-nio-9000-exec-3] Argumentos: [Obra [id=null, descripcion=Bacheo de calle, latitud=44.2, longitud=-15.4, direccion=Almafuerte 1 al 1200 - Esperanza, superficie=60, tipo=TipoObra [id=4, descripcion=Vial], cliente=Cliente [id=3, razonSocial=null, cuit=null, mail=null, maxCuentaCorriente=null, habilitadoOnline=null, user=null]]]
2021-06-16 05:24:21,102 INFO com.dan.usuario.aspect.LogAspect [http-nio-9000-exec-3] Se ha ejecutado el metodo: createObra
