2021-05-27 19:39:57,986 INFO com.dan.usuario.aspect.LogAspect [http-nio-9000-exec-2] Se ha ejecutado el metodo: createObra
2021-05-27 19:40:00,963 INFO com.dan.usuario.aspect.LogAspect [http-nio-9000-exec-3] A continuacion se ejecutara el metodo: createObra
2021-05-27 19:40:00,964 INFO com.dan.usuario.aspect.LogAspect [http-nio-9000-exec-3] Metodo de la clase: class com.dan.usuario.service.impl.ObraServiceImpl
2021-05-27 19:40:00,964 INFO com.dan.usuario.aspect.LogAspect [http-nio-9000-exec-3] Argumentos: [Obra [id=null, descripcion=Bacheo de calle, latitud=44.2, longitud=-15.4, direccion=Almafuerte 1 al 1200 - Esperanza, superficie=60, tipo=TipoObra [id=4, descripcion=Vial], cliente=Cliente [id=3, razonSocial=null, cuit=null, mail=null, maxCuentaCorriente=null, habilitadoOnline=null, user=null]]]
2021-05-27 19:40:00,967 INFO com.dan.usuario.aspect.LogAspect [http-nio-9000-exec-3] Se ha ejecutado el metodo: createObra
2021-05-27 19:40:06,633 INFO com.dan.usuario.aspect.LogAspect [http-nio-9000-exec-4] A continuacion se ejecutara el metodo: createEmpleado
2021-05-27 19:40:06,633 INFO com.dan.usuario.aspect.LogAspect [http-nio-9000-exec-4] Metodo de la clase: class com.dan.usuario.service.impl.EmpleadoServiceImpl
2021-05-27 19:40:06,634 INFO com.dan.usuario.aspect.LogAspect [http-nio-9000-exec-4] Argumentos: [Empleado [id=null, mail=empleado1@gmail.com, user=null]]
2021-05-27 19:40:06,655 INFO com.dan.usuario.aspect.LogAspect [http-nio-9000-exec-4] Se ha ejecutado el metodo: createEmpleado
2021-05-27 21:34:25,446 INFO org.springframework.boot.StartupInfoLogger [restartedMain] Starting UsuarioApplication using Java 15.0.1 on DESKTOP-KTL7JPA with PID 10008 (C:\Users\Usuario\Desktop\Sistemas\Electivas\Desarrollo de aplicaciones en la Nube\Laboratorio\usuario\target\classes started by Usuario in C:\Users\Usuario\Desktop\Sistemas\Electivas\Desarrollo de aplicaciones en la Nube\Laboratorio\usuario)
2021-05-27 21:34:25,461 DEBUG org.springframework.boot.StartupInfoLogger [restartedMain] Running with Spring Boot v2.4.5, Spring v5.3.6
2021-05-27 21:34:25,461 INFO org.springframework.boot.SpringApplication [restartedMain] No active profile set, falling back to default profiles: default
2021-05-27 21:34:32,588 INFO org.springframework.boot.StartupInfoLogger [restartedMain] Started UsuarioApplication in 7.671 seconds (JVM running for 8.682)
2021-05-27 21:34:52,662 INFO com.dan.usuario.aspect.LogAspect [http-nio-9000-exec-7] A continuacion se ejecutara el metodo: crearCliente
2021-05-27 21:34:52,662 INFO com.dan.usuario.aspect.LogAspect [http-nio-9000-exec-7] Metodo de la clase: class com.dan.usuario.service.impl.ClienteServiceImpl
2021-05-27 21:34:52,663 INFO com.dan.usuario.aspect.LogAspect [http-nio-9000-exec-7] Argumentos: [Cliente [id=null, razonSocial=Construcciones Pablito, cuit=2038928293, mail=yuudfs@gmail.com, maxCuentaCorriente=5000.0, habilitadoOnline=false, user=Usuario [id=null, userr=yuudfs@gmail.com, password=1234, tipoUsuario=TipoUsuario [id=1, tipo=Cliente]]]]
2021-05-27 21:34:52,713 INFO com.dan.usuario.aspect.LogAspect [http-nio-9000-exec-7] Se ha ejecutado el metodo: crearCliente
2021-05-27 21:34:52,714 INFO com.dan.usuario.aspect.LogAspect [http-nio-9000-exec-7] A continuacion se ejecutara el metodo: createObra
2021-05-27 21:34:52,714 INFO com.dan.usuario.aspect.LogAspect [http-nio-9000-exec-7] Metodo de la clase: class com.dan.usuario.service.impl.ObraServiceImpl
2021-05-27 21:34:52,714 INFO com.dan.usuario.aspect.LogAspect [http-nio-9000-exec-7] Argumentos: [Obra [id=1, descripcion=Casa simple, latitud=43.3, longitud=-21.7, direccion=San Luis 2342 - Parana, superficie=25, tipo=TipoObra [id=2, descripcion=Casa], cliente=Cliente [id=1, razonSocial=Construcciones Pablito, cuit=2038928293, mail=yuudfs@gmail.com, maxCuentaCorriente=5000.0, habilitadoOnline=false, user=Usuario [id=1, userr=yuudfs@gmail.com, password=1234, tipoUsuario=TipoUsuario [id=1, tipo=Cliente]]]]]
2021-05-27 21:34:52,724 INFO com.dan.usuario.aspect.LogAspect [http-nio-9000-exec-7] Se ha ejecutado el metodo: createObra
2021-05-27 21:34:52,725 INFO com.dan.usuario.aspect.LogAspect [http-nio-9000-exec-7] A continuacion se ejecutara el metodo: createObra
2021-05-27 21:34:52,725 INFO com.dan.usuario.aspect.LogAspect [http-nio-9000-exec-7] Metodo de la clase: class com.dan.usuario.service.impl.ObraServiceImpl
2021-05-27 21:34:52,725 INFO com.dan.usuario.aspect.LogAspect [http-nio-9000-exec-7] Argumentos: [Obra [id=2, descripcion=Reforma de iglesia, latitud=51.3, longitud=-11.7, direccion=9 de Junio 432 - Laguna Paiva, superficie=50, tipo=TipoObra [id=1, descripcion=Reforma], cliente=Cliente [id=1, razonSocial=Construcciones Pablito, cuit=2038928293, mail=yuudfs@gmail.com, maxCuentaCorriente=5000.0, habilitadoOnline=false, user=Usuario [id=1, userr=yuudfs@gmail.com, password=1234, tipoUsuario=TipoUsuario [id=1, tipo=Cliente]]]]]
2021-05-27 21:34:52,727 INFO com.dan.usuario.aspect.LogAspect [http-nio-9000-exec-7] Se ha ejecutado el metodo: createObra
2021-05-27 21:34:54,595 INFO com.dan.usuario.aspect.LogAspect [http-nio-9000-exec-8] A continuacion se ejecutara el metodo: crearCliente
2021-05-27 21:34:54,596 INFO com.dan.usuario.aspect.LogAspect [http-nio-9000-exec-8] Metodo de la clase: class com.dan.usuario.service.impl.ClienteServiceImpl
2021-05-27 21:34:54,596 INFO com.dan.usuario.aspect.LogAspect [http-nio-9000-exec-8] Argumentos: [Cliente [id=null, razonSocial=Reformate, cuit=2454020324, mail=reformate_da@gmail.com, maxCuentaCorriente=5000.0, habilitadoOnline=false, user=Usuario [id=null, userr=reformate_da@gmail.com, password=1234, tipoUsuario=TipoUsuario [id=1, tipo=Cliente]]]]
2021-05-27 21:34:54,606 INFO com.dan.usuario.aspect.LogAspect [http-nio-9000-exec-8] Se ha ejecutado el metodo: crearCliente
2021-05-27 21:34:54,607 INFO com.dan.usuario.aspect.LogAspect [http-nio-9000-exec-8] A continuacion se ejecutara el metodo: createObra
2021-05-27 21:34:54,607 INFO com.dan.usuario.aspect.LogAspect [http-nio-9000-exec-8] Metodo de la clase: class com.dan.usuario.service.impl.ObraServiceImpl
2021-05-27 21:34:54,607 INFO com.dan.usuario.aspect.LogAspect [http-nio-9000-exec-8] Argumentos: [Obra [id=3, descripcion=Reforma de parque, latitud=60.3, longitud=31.7, direccion=27 de Febrero 220 - Rosario, superficie=50, tipo=TipoObra [id=1, descripcion=Reforma], cliente=Cliente [id=2, razonSocial=Reformate, cuit=2454020324, mail=reformate_da@gmail.com, maxCuentaCorriente=5000.0, habilitadoOnline=false, user=Usuario [id=2, userr=reformate_da@gmail.com, password=1234, tipoUsuario=TipoUsuario [id=1, tipo=Cliente]]]]]
2021-05-27 21:34:54,609 INFO com.dan.usuario.aspect.LogAspect [http-nio-9000-exec-8] Se ha ejecutado el metodo: createObra
2021-05-27 21:34:54,610 INFO com.dan.usuario.aspect.LogAspect [http-nio-9000-exec-8] A continuacion se ejecutara el metodo: createObra
2021-05-27 21:34:54,610 INFO com.dan.usuario.aspect.LogAspect [http-nio-9000-exec-8] Metodo de la clase: class com.dan.usuario.service.impl.ObraServiceImpl
2021-05-27 21:34:54,611 INFO com.dan.usuario.aspect.LogAspect [http-nio-9000-exec-8] Argumentos: [Obra [id=4, descripcion=Reforma de escuela, latitud=20.3, longitud=11.7, direccion=Achaval Rodríguez 1399 - Rosario, superficie=50, tipo=TipoObra [id=1, descripcion=Reforma], cliente=Cliente [id=2, razonSocial=Reformate, cuit=2454020324, mail=reformate_da@gmail.com, maxCuentaCorriente=5000.0, habilitadoOnline=false, user=Usuario [id=2, userr=reformate_da@gmail.com, password=1234, tipoUsuario=TipoUsuario [id=1, tipo=Cliente]]]]]
2021-05-27 21:34:54,612 INFO com.dan.usuario.aspect.LogAspect [http-nio-9000-exec-8] Se ha ejecutado el metodo: createObra
2021-05-27 21:34:54,613 INFO com.dan.usuario.aspect.LogAspect [http-nio-9000-exec-8] A continuacion se ejecutara el metodo: createObra
2021-05-27 21:34:54,613 INFO com.dan.usuario.aspect.LogAspect [http-nio-9000-exec-8] Metodo de la clase: class com.dan.usuario.service.impl.ObraServiceImpl
2021-05-27 21:34:54,613 INFO com.dan.usuario.aspect.LogAspect [http-nio-9000-exec-8] Argumentos: [Obra [id=5, descripcion=Reforma de escuela, latitud=43.3, longitud=25.2, direccion=Alvarez Jonte 777 - Rosario, superficie=55, tipo=TipoObra [id=1, descripcion=Reforma], cliente=Cliente [id=2, razonSocial=Reformate, cuit=2454020324, mail=reformate_da@gmail.com, maxCuentaCorriente=5000.0, habilitadoOnline=false, user=Usuario [id=2, userr=reformate_da@gmail.com, password=1234, tipoUsuario=TipoUsuario [id=1, tipo=Cliente]]]]]
2021-05-27 21:34:54,615 INFO com.dan.usuario.aspect.LogAspect [http-nio-9000-exec-8] Se ha ejecutado el metodo: createObra
2021-05-27 21:34:57,042 INFO com.dan.usuario.aspect.LogAspect [http-nio-9000-exec-9] A continuacion se ejecutara el metodo: crearCliente
2021-05-27 21:34:57,042 INFO com.dan.usuario.aspect.LogAspect [http-nio-9000-exec-9] Metodo de la clase: class com.dan.usuario.service.impl.ClienteServiceImpl
2021-05-27 21:34:57,043 INFO com.dan.usuario.aspect.LogAspect [http-nio-9000-exec-9] Argumentos: [Cliente [id=null, razonSocial=AmazingBuildings, cuit=2000318319, mail=ab2000@gmail.com, maxCuentaCorriente=5000.0, habilitadoOnline=false, user=Usuario [id=null, userr=ab2000@gmail.com, password=1234, tipoUsuario=TipoUsuario [id=1, tipo=Cliente]]]]
2021-05-27 21:34:57,053 INFO com.dan.usuario.aspect.LogAspect [http-nio-9000-exec-9] Se ha ejecutado el metodo: crearCliente
2021-05-27 21:34:57,054 INFO com.dan.usuario.aspect.LogAspect [http-nio-9000-exec-9] A continuacion se ejecutara el metodo: createObra
2021-05-27 21:34:57,054 INFO com.dan.usuario.aspect.LogAspect [http-nio-9000-exec-9] Metodo de la clase: class com.dan.usuario.service.impl.ObraServiceImpl
2021-05-27 21:34:57,054 INFO com.dan.usuario.aspect.LogAspect [http-nio-9000-exec-9] Argumentos: [Obra [id=6, descripcion=Construccion de edificio, latitud=60.3, longitud=31.7, direccion=27 de Febrero 222 - Rosario, superficie=55, tipo=TipoObra [id=3, descripcion=Edificio], cliente=Cliente [id=3, razonSocial=AmazingBuildings, cuit=2000318319, mail=ab2000@gmail.com, maxCuentaCorriente=5000.0, habilitadoOnline=false, user=Usuario [id=3, userr=ab2000@gmail.com, password=1234, tipoUsuario=TipoUsuario [id=1, tipo=Cliente]]]]]
2021-05-27 21:34:57,056 INFO com.dan.usuario.aspect.LogAspect [http-nio-9000-exec-9] Se ha ejecutado el metodo: createObra
2021-05-27 21:34:57,056 INFO com.dan.usuario.aspect.LogAspect [http-nio-9000-exec-9] A continuacion se ejecutara el metodo: createObra
2021-05-27 21:34:57,056 INFO com.dan.usuario.aspect.LogAspect [http-nio-9000-exec-9] Metodo de la clase: class com.dan.usuario.service.impl.ObraServiceImpl
2021-05-27 21:34:57,056 INFO com.dan.usuario.aspect.LogAspect [http-nio-9000-exec-9] Argumentos: [Obra [id=7, descripcion=Construccion de casa, latitud=20.3, longitud=11.7, direccion=Achaval Rodríguez 123 - Rosario, superficie=30, tipo=TipoObra [id=2, descripcion=Casa], cliente=Cliente [id=3, razonSocial=AmazingBuildings, cuit=2000318319, mail=ab2000@gmail.com, maxCuentaCorriente=5000.0, habilitadoOnline=false, user=Usuario [id=3, userr=ab2000@gmail.com, password=1234, tipoUsuario=TipoUsuario [id=1, tipo=Cliente]]]]]
2021-05-27 21:34:57,058 INFO com.dan.usuario.aspect.LogAspect [http-nio-9000-exec-9] Se ha ejecutado el metodo: createObra
2021-05-27 21:34:57,058 INFO com.dan.usuario.aspect.LogAspect [http-nio-9000-exec-9] A continuacion se ejecutara el metodo: createObra
2021-05-27 21:34:57,058 INFO com.dan.usuario.aspect.LogAspect [http-nio-9000-exec-9] Metodo de la clase: class com.dan.usuario.service.impl.ObraServiceImpl
2021-05-27 21:34:57,058 INFO com.dan.usuario.aspect.LogAspect [http-nio-9000-exec-9] Argumentos: [Obra [id=8, descripcion=Construccion de edificio, latitud=43.3, longitud=25.2, direccion=Alvarez Jonte 742 - Rosario, superficie=50, tipo=TipoObra [id=3, descripcion=Edificio], cliente=Cliente [id=3, razonSocial=AmazingBuildings, cuit=2000318319, mail=ab2000@gmail.com, maxCuentaCorriente=5000.0, habilitadoOnline=false, user=Usuario [id=3, userr=ab2000@gmail.com, password=1234, tipoUsuario=TipoUsuario [id=1, tipo=Cliente]]]]]
2021-05-27 21:34:57,060 INFO com.dan.usuario.aspect.LogAspect [http-nio-9000-exec-9] Se ha ejecutado el metodo: createObra
2021-05-27 21:34:59,265 INFO com.dan.usuario.aspect.LogAspect [http-nio-9000-exec-10] A continuacion se ejecutara el metodo: crearCliente
2021-05-27 21:34:59,266 INFO com.dan.usuario.aspect.LogAspect [http-nio-9000-exec-10] Metodo de la clase: class com.dan.usuario.service.impl.ClienteServiceImpl
2021-05-27 21:34:59,266 INFO com.dan.usuario.aspect.LogAspect [http-nio-9000-exec-10] Argumentos: [Cliente [id=null, razonSocial=Todo Construcciones, cuit=225212555, mail=todos_construcciones@gmail.com, maxCuentaCorriente=5000.0, habilitadoOnline=false, user=Usuario [id=null, userr=todos_construcciones@gmail.com, password=1234, tipoUsuario=TipoUsuario [id=1, tipo=Cliente]]]]
2021-05-27 21:34:59,297 INFO com.dan.usuario.aspect.LogAspect [http-nio-9000-exec-10] Se ha ejecutado el metodo: crearCliente
2021-05-27 21:34:59,297 INFO com.dan.usuario.aspect.LogAspect [http-nio-9000-exec-10] A continuacion se ejecutara el metodo: createObra
2021-05-27 21:34:59,297 INFO com.dan.usuario.aspect.LogAspect [http-nio-9000-exec-10] Metodo de la clase: class com.dan.usuario.service.impl.ObraServiceImpl
2021-05-27 21:34:59,298 INFO com.dan.usuario.aspect.LogAspect [http-nio-9000-exec-10] Argumentos: [Obra [id=9, descripcion=Reforma de parque, latitud=60.3, longitud=-31.7, direccion=27 de Febrero 620 - Rosario, superficie=30, tipo=TipoObra [id=1, descripcion=Reforma], cliente=Cliente [id=4, razonSocial=Todo Construcciones, cuit=225212555, mail=todos_construcciones@gmail.com, maxCuentaCorriente=5000.0, habilitadoOnline=false, user=Usuario [id=4, userr=todos_construcciones@gmail.com, password=1234, tipoUsuario=TipoUsuario [id=1, tipo=Cliente]]]]]
2021-05-27 21:34:59,299 INFO com.dan.usuario.aspect.LogAspect [http-nio-9000-exec-10] Se ha ejecutado el metodo: createObra
2021-05-27 21:34:59,300 INFO com.dan.usuario.aspect.LogAspect [http-nio-9000-exec-10] A continuacion se ejecutara el metodo: createObra
2021-05-27 21:34:59,300 INFO com.dan.usuario.aspect.LogAspect [http-nio-9000-exec-10] Metodo de la clase: class com.dan.usuario.service.impl.ObraServiceImpl
2021-05-27 21:34:59,301 INFO com.dan.usuario.aspect.LogAspect [http-nio-9000-exec-10] Argumentos: [Obra [id=10, descripcion=Construccion de casa, latitud=-20.3, longitud=11.7, direccion=Achaval Rodríguez 1000 - Rosario, superficie=30, tipo=TipoObra [id=2, descripcion=Casa], cliente=Cliente [id=4, razonSocial=Todo Construcciones, cuit=225212555, mail=todos_construcciones@gmail.com, maxCuentaCorriente=5000.0, habilitadoOnline=false, user=Usuario [id=4, userr=todos_construcciones@gmail.com, password=1234, tipoUsuario=TipoUsuario [id=1, tipo=Cliente]]]]]
2021-05-27 21:34:59,302 INFO com.dan.usuario.aspect.LogAspect [http-nio-9000-exec-10] Se ha ejecutado el metodo: createObra
2021-05-27 21:34:59,303 INFO com.dan.usuario.aspect.LogAspect [http-nio-9000-exec-10] A continuacion se ejecutara el metodo: createObra
2021-05-27 21:34:59,303 INFO com.dan.usuario.aspect.LogAspect [http-nio-9000-exec-10] Metodo de la clase: class com.dan.usuario.service.impl.ObraServiceImpl
2021-05-27 21:34:59,303 INFO com.dan.usuario.aspect.LogAspect [http-nio-9000-exec-10] Argumentos: [Obra [id=11, descripcion=Construccion de edificio, latitud=-43.3, longitud=-25.2, direccion=Alvarez Jonte 167 - Rosario, superficie=55, tipo=TipoObra [id=3, descripcion=Edificio], cliente=Cliente [id=4, razonSocial=Todo Construcciones, cuit=225212555, mail=todos_construcciones@gmail.com, maxCuentaCorriente=5000.0, habilitadoOnline=false, user=Usuario [id=4, userr=todos_construcciones@gmail.com, password=1234, tipoUsuario=TipoUsuario [id=1, tipo=Cliente]]]]]
2021-05-27 21:34:59,304 INFO com.dan.usuario.aspect.LogAspect [http-nio-9000-exec-10] Se ha ejecutado el metodo: createObra
2021-05-27 21:34:59,305 INFO com.dan.usuario.aspect.LogAspect [http-nio-9000-exec-10] A continuacion se ejecutara el metodo: createObra
2021-05-27 21:34:59,305 INFO com.dan.usuario.aspect.LogAspect [http-nio-9000-exec-10] Metodo de la clase: class com.dan.usuario.service.impl.ObraServiceImpl
2021-05-27 21:34:59,305 INFO com.dan.usuario.aspect.LogAspect [http-nio-9000-exec-10] Argumentos: [Obra [id=12, descripcion=Asfaltado de calle, latitud=53.3, longitud=35.2, direccion=Alvarez Jonte 0 al 600 - Rosario, superficie=55, tipo=TipoObra [id=4, descripcion=Vial], cliente=Cliente [id=4, razonSocial=Todo Construcciones, cuit=225212555, mail=todos_construcciones@gmail.com, maxCuentaCorriente=5000.0, habilitadoOnline=false, user=Usuario [id=4, userr=todos_construcciones@gmail.com, password=1234, tipoUsuario=TipoUsuario [id=1, tipo=Cliente]]]]]
2021-05-27 21:34:59,307 INFO com.dan.usuario.aspect.LogAspect [http-nio-9000-exec-10] Se ha ejecutado el metodo: createObra
