2021-08-05 05:16:39,596 INFO com.dan.usuario.aspect.LogAspect [http-nio-9000-exec-10] A continuacion se ejecutara el metodo: createObra
2021-08-05 05:16:39,641 INFO com.dan.usuario.aspect.LogAspect [http-nio-9000-exec-10] Metodo de la clase: class com.dan.usuario.service.impl.ObraServiceImpl
2021-08-05 05:16:39,641 INFO com.dan.usuario.aspect.LogAspect [http-nio-9000-exec-10] Argumentos: [Obra [id=4, descripcion=Reforma de escuela, latitud=20.3, longitud=11.7, direccion=Achaval Rodríguez 1399 - Rosario, superficie=50, tipo=TipoObra [id=1, descripcion=Reforma], cliente=Cliente [id=2, razonSocial=Reformate, cuit=2454020324, mail=reformate_da@gmail.com, maxCuentaCorriente=5000.0, habilitadoOnline=false, user=Usuario [id=2, userr=reformate_da@gmail.com, password=1234, tipoUsuario=TipoUsuario [id=1, tipo=Cliente]]]]]
2021-08-05 05:16:39,682 INFO com.dan.usuario.aspect.LogAspect [http-nio-9000-exec-10] Se ha ejecutado el metodo: createObra
2021-08-05 05:16:39,682 INFO com.dan.usuario.aspect.LogAspect [http-nio-9000-exec-10] A continuacion se ejecutara el metodo: createObra
2021-08-05 05:16:39,682 INFO com.dan.usuario.aspect.LogAspect [http-nio-9000-exec-10] Metodo de la clase: class com.dan.usuario.service.impl.ObraServiceImpl
2021-08-05 05:16:39,682 INFO com.dan.usuario.aspect.LogAspect [http-nio-9000-exec-10] Argumentos: [Obra [id=5, descripcion=Reforma de escuela, latitud=43.3, longitud=25.2, direccion=Alvarez Jonte 777 - Rosario, superficie=55, tipo=TipoObra [id=1, descripcion=Reforma], cliente=Cliente [id=2, razonSocial=Reformate, cuit=2454020324, mail=reformate_da@gmail.com, maxCuentaCorriente=5000.0, habilitadoOnline=false, user=Usuario [id=2, userr=reformate_da@gmail.com, password=1234, tipoUsuario=TipoUsuario [id=1, tipo=Cliente]]]]]
2021-08-05 05:16:39,684 INFO com.dan.usuario.aspect.LogAspect [http-nio-9000-exec-10] Se ha ejecutado el metodo: createObra
2021-08-05 05:16:44,383 INFO com.dan.usuario.aspect.LogAspect [http-nio-9000-exec-9] A continuacion se ejecutara el metodo: crearCliente
2021-08-05 05:16:44,384 INFO com.dan.usuario.aspect.LogAspect [http-nio-9000-exec-9] Metodo de la clase: class com.dan.usuario.service.impl.ClienteServiceImpl
2021-08-05 05:16:44,384 INFO com.dan.usuario.aspect.LogAspect [http-nio-9000-exec-9] Argumentos: [Cliente [id=null, razonSocial=AmazingBuildings, cuit=2000318319, mail=ab2000@gmail.com, maxCuentaCorriente=5000.0, habilitadoOnline=false, user=Usuario [id=null, userr=ab2000@gmail.com, password=1234, tipoUsuario=TipoUsuario [id=1, tipo=Cliente]]]]
2021-08-05 05:16:44,402 INFO com.dan.usuario.aspect.LogAspect [http-nio-9000-exec-9] Se ha ejecutado el metodo: crearCliente
2021-08-05 05:16:44,403 INFO com.dan.usuario.aspect.LogAspect [http-nio-9000-exec-9] A continuacion se ejecutara el metodo: createObra
2021-08-05 05:16:44,403 INFO com.dan.usuario.aspect.LogAspect [http-nio-9000-exec-9] Metodo de la clase: class com.dan.usuario.service.impl.ObraServiceImpl
2021-08-05 05:16:44,403 INFO com.dan.usuario.aspect.LogAspect [http-nio-9000-exec-9] Argumentos: [Obra [id=6, descripcion=Construccion de edificio, latitud=60.3, longitud=31.7, direccion=27 de Febrero 222 - Rosario, superficie=55, tipo=TipoObra [id=3, descripcion=Edificio], cliente=Cliente [id=3, razonSocial=AmazingBuildings, cuit=2000318319, mail=ab2000@gmail.com, maxCuentaCorriente=5000.0, habilitadoOnline=false, user=Usuario [id=3, userr=ab2000@gmail.com, password=1234, tipoUsuario=TipoUsuario [id=1, tipo=Cliente]]]]]
2021-08-05 05:16:44,405 INFO com.dan.usuario.aspect.LogAspect [http-nio-9000-exec-9] Se ha ejecutado el metodo: createObra
2021-08-05 05:16:44,405 INFO com.dan.usuario.aspect.LogAspect [http-nio-9000-exec-9] A continuacion se ejecutara el metodo: createObra
2021-08-05 05:16:44,405 INFO com.dan.usuario.aspect.LogAspect [http-nio-9000-exec-9] Metodo de la clase: class com.dan.usuario.service.impl.ObraServiceImpl
2021-08-05 05:16:44,406 INFO com.dan.usuario.aspect.LogAspect [http-nio-9000-exec-9] Argumentos: [Obra [id=7, descripcion=Construccion de casa, latitud=20.3, longitud=11.7, direccion=Achaval Rodríguez 123 - Rosario, superficie=30, tipo=TipoObra [id=2, descripcion=Casa], cliente=Cliente [id=3, razonSocial=AmazingBuildings, cuit=2000318319, mail=ab2000@gmail.com, maxCuentaCorriente=5000.0, habilitadoOnline=false, user=Usuario [id=3, userr=ab2000@gmail.com, password=1234, tipoUsuario=TipoUsuario [id=1, tipo=Cliente]]]]]
2021-08-05 05:16:44,408 INFO com.dan.usuario.aspect.LogAspect [http-nio-9000-exec-9] Se ha ejecutado el metodo: createObra
2021-08-05 05:16:44,408 INFO com.dan.usuario.aspect.LogAspect [http-nio-9000-exec-9] A continuacion se ejecutara el metodo: createObra
2021-08-05 05:16:44,408 INFO com.dan.usuario.aspect.LogAspect [http-nio-9000-exec-9] Metodo de la clase: class com.dan.usuario.service.impl.ObraServiceImpl
2021-08-05 05:16:44,408 INFO com.dan.usuario.aspect.LogAspect [http-nio-9000-exec-9] Argumentos: [Obra [id=8, descripcion=Construccion de edificio, latitud=43.3, longitud=25.2, direccion=Alvarez Jonte 742 - Rosario, superficie=50, tipo=TipoObra [id=3, descripcion=Edificio], cliente=Cliente [id=3, razonSocial=AmazingBuildings, cuit=2000318319, mail=ab2000@gmail.com, maxCuentaCorriente=5000.0, habilitadoOnline=false, user=Usuario [id=3, userr=ab2000@gmail.com, password=1234, tipoUsuario=TipoUsuario [id=1, tipo=Cliente]]]]]
2021-08-05 05:16:44,410 INFO com.dan.usuario.aspect.LogAspect [http-nio-9000-exec-9] Se ha ejecutado el metodo: createObra
2021-08-05 05:16:47,219 INFO com.dan.usuario.aspect.LogAspect [http-nio-9000-exec-1] A continuacion se ejecutara el metodo: crearCliente
2021-08-05 05:16:47,220 INFO com.dan.usuario.aspect.LogAspect [http-nio-9000-exec-1] Metodo de la clase: class com.dan.usuario.service.impl.ClienteServiceImpl
2021-08-05 05:16:47,220 INFO com.dan.usuario.aspect.LogAspect [http-nio-9000-exec-1] Argumentos: [Cliente [id=null, razonSocial=Todo Construcciones, cuit=225212555, mail=todos_construcciones@gmail.com, maxCuentaCorriente=5000.0, habilitadoOnline=false, user=Usuario [id=null, userr=todos_construcciones@gmail.com, password=1234, tipoUsuario=TipoUsuario [id=1, tipo=Cliente]]]]
2021-08-05 05:16:47,243 INFO com.dan.usuario.aspect.LogAspect [http-nio-9000-exec-1] Se ha ejecutado el metodo: crearCliente
2021-08-05 05:16:47,244 INFO com.dan.usuario.aspect.LogAspect [http-nio-9000-exec-1] A continuacion se ejecutara el metodo: createObra
2021-08-05 05:16:47,244 INFO com.dan.usuario.aspect.LogAspect [http-nio-9000-exec-1] Metodo de la clase: class com.dan.usuario.service.impl.ObraServiceImpl
2021-08-05 05:16:47,245 INFO com.dan.usuario.aspect.LogAspect [http-nio-9000-exec-1] Argumentos: [Obra [id=9, descripcion=Reforma de parque, latitud=60.3, longitud=-31.7, direccion=27 de Febrero 620 - Rosario, superficie=30, tipo=TipoObra [id=1, descripcion=Reforma], cliente=Cliente [id=4, razonSocial=Todo Construcciones, cuit=225212555, mail=todos_construcciones@gmail.com, maxCuentaCorriente=5000.0, habilitadoOnline=false, user=Usuario [id=4, userr=todos_construcciones@gmail.com, password=1234, tipoUsuario=TipoUsuario [id=1, tipo=Cliente]]]]]
2021-08-05 05:16:47,247 INFO com.dan.usuario.aspect.LogAspect [http-nio-9000-exec-1] Se ha ejecutado el metodo: createObra
2021-08-05 05:16:47,247 INFO com.dan.usuario.aspect.LogAspect [http-nio-9000-exec-1] A continuacion se ejecutara el metodo: createObra
2021-08-05 05:16:47,247 INFO com.dan.usuario.aspect.LogAspect [http-nio-9000-exec-1] Metodo de la clase: class com.dan.usuario.service.impl.ObraServiceImpl
2021-08-05 05:16:47,247 INFO com.dan.usuario.aspect.LogAspect [http-nio-9000-exec-1] Argumentos: [Obra [id=10, descripcion=Construccion de casa, latitud=-20.3, longitud=11.7, direccion=Achaval Rodríguez 1000 - Rosario, superficie=30, tipo=TipoObra [id=2, descripcion=Casa], cliente=Cliente [id=4, razonSocial=Todo Construcciones, cuit=225212555, mail=todos_construcciones@gmail.com, maxCuentaCorriente=5000.0, habilitadoOnline=false, user=Usuario [id=4, userr=todos_construcciones@gmail.com, password=1234, tipoUsuario=TipoUsuario [id=1, tipo=Cliente]]]]]
2021-08-05 05:16:47,249 INFO com.dan.usuario.aspect.LogAspect [http-nio-9000-exec-1] Se ha ejecutado el metodo: createObra
2021-08-05 05:16:47,249 INFO com.dan.usuario.aspect.LogAspect [http-nio-9000-exec-1] A continuacion se ejecutara el metodo: createObra
2021-08-05 05:16:47,250 INFO com.dan.usuario.aspect.LogAspect [http-nio-9000-exec-1] Metodo de la clase: class com.dan.usuario.service.impl.ObraServiceImpl
2021-08-05 05:16:47,250 INFO com.dan.usuario.aspect.LogAspect [http-nio-9000-exec-1] Argumentos: [Obra [id=11, descripcion=Construccion de edificio, latitud=-43.3, longitud=-25.2, direccion=Alvarez Jonte 167 - Rosario, superficie=55, tipo=TipoObra [id=3, descripcion=Edificio], cliente=Cliente [id=4, razonSocial=Todo Construcciones, cuit=225212555, mail=todos_construcciones@gmail.com, maxCuentaCorriente=5000.0, habilitadoOnline=false, user=Usuario [id=4, userr=todos_construcciones@gmail.com, password=1234, tipoUsuario=TipoUsuario [id=1, tipo=Cliente]]]]]
2021-08-05 05:16:47,252 INFO com.dan.usuario.aspect.LogAspect [http-nio-9000-exec-1] Se ha ejecutado el metodo: createObra
2021-08-05 05:16:47,253 INFO com.dan.usuario.aspect.LogAspect [http-nio-9000-exec-1] A continuacion se ejecutara el metodo: createObra
2021-08-05 05:16:47,253 INFO com.dan.usuario.aspect.LogAspect [http-nio-9000-exec-1] Metodo de la clase: class com.dan.usuario.service.impl.ObraServiceImpl
2021-08-05 05:16:47,254 INFO com.dan.usuario.aspect.LogAspect [http-nio-9000-exec-1] Argumentos: [Obra [id=12, descripcion=Asfaltado de calle, latitud=53.3, longitud=35.2, direccion=Alvarez Jonte 0 al 600 - Rosario, superficie=55, tipo=TipoObra [id=4, descripcion=Vial], cliente=Cliente [id=4, razonSocial=Todo Construcciones, cuit=225212555, mail=todos_construcciones@gmail.com, maxCuentaCorriente=5000.0, habilitadoOnline=false, user=Usuario [id=4, userr=todos_construcciones@gmail.com, password=1234, tipoUsuario=TipoUsuario [id=1, tipo=Cliente]]]]]
2021-08-05 05:16:47,256 INFO com.dan.usuario.aspect.LogAspect [http-nio-9000-exec-1] Se ha ejecutado el metodo: createObra
2021-08-05 05:16:52,383 INFO com.dan.usuario.aspect.LogAspect [http-nio-9000-exec-2] A continuacion se ejecutara el metodo: createObra
2021-08-05 05:16:52,384 INFO com.dan.usuario.aspect.LogAspect [http-nio-9000-exec-2] Metodo de la clase: class com.dan.usuario.service.impl.ObraServiceImpl
2021-08-05 05:16:52,384 INFO com.dan.usuario.aspect.LogAspect [http-nio-9000-exec-2] Argumentos: [Obra [id=null, descripcion=Casa quinta, latitud=14.2, longitud=21.4, direccion=Entre Rios 750 - Santa Fe, superficie=35, tipo=TipoObra [id=2, descripcion=Casa], cliente=Cliente [id=1, razonSocial=null, cuit=null, mail=null, maxCuentaCorriente=null, habilitadoOnline=null, user=null]]]
2021-08-05 05:16:52,392 INFO com.dan.usuario.aspect.LogAspect [http-nio-9000-exec-2] Se ha ejecutado el metodo: createObra
2021-08-05 05:16:54,948 INFO com.dan.usuario.aspect.LogAspect [http-nio-9000-exec-3] A continuacion se ejecutara el metodo: createObra
2021-08-05 05:16:54,948 INFO com.dan.usuario.aspect.LogAspect [http-nio-9000-exec-3] Metodo de la clase: class com.dan.usuario.service.impl.ObraServiceImpl
2021-08-05 05:16:54,949 INFO com.dan.usuario.aspect.LogAspect [http-nio-9000-exec-3] Argumentos: [Obra [id=null, descripcion=Bacheo de calle, latitud=44.2, longitud=-15.4, direccion=Almafuerte 1 al 1200 - Esperanza, superficie=60, tipo=TipoObra [id=4, descripcion=Vial], cliente=Cliente [id=3, razonSocial=null, cuit=null, mail=null, maxCuentaCorriente=null, habilitadoOnline=null, user=null]]]
2021-08-05 05:16:54,973 INFO com.dan.usuario.aspect.LogAspect [http-nio-9000-exec-3] Se ha ejecutado el metodo: createObra
2021-08-05 05:17:11,142 INFO com.dan.usuario.aspect.LogAspect [http-nio-9000-exec-4] A continuacion se ejecutara el metodo: createEmpleado
2021-08-05 05:17:11,143 INFO com.dan.usuario.aspect.LogAspect [http-nio-9000-exec-4] Metodo de la clase: class com.dan.usuario.service.impl.EmpleadoServiceImpl
2021-08-05 05:17:11,143 INFO com.dan.usuario.aspect.LogAspect [http-nio-9000-exec-4] Argumentos: [Empleado [id=null, mail=empleado1@gmail.com, user=null]]
2021-08-05 05:17:11,160 INFO com.dan.usuario.aspect.LogAspect [http-nio-9000-exec-4] Se ha ejecutado el metodo: createEmpleado
2021-08-05 05:21:47,066 INFO org.springframework.boot.StartupInfoLogger [restartedMain] Starting UsuarioApplication using Java 15.0.1 on DESKTOP-KTL7JPA with PID 4368 (C:\Users\Usuario\Desktop\Sistemas\Electivas\Desarrollo de aplicaciones en la Nube\Laboratorio\Repositorios Integrados\dan-ms-usuarios\target\classes started by Usuario in C:\Users\Usuario\Desktop\Sistemas\Electivas\Desarrollo de aplicaciones en la Nube\Laboratorio\Repositorios Integrados\dan-ms-usuarios)
2021-08-05 05:21:47,072 INFO org.springframework.boot.SpringApplication [restartedMain] No active profile set, falling back to default profiles: default
2021-08-05 05:21:54,541 INFO org.springframework.boot.StartupInfoLogger [restartedMain] Started UsuarioApplication in 8.082 seconds (JVM running for 9.3)
2021-08-05 05:30:59,953 INFO org.springframework.boot.StartupInfoLogger [restartedMain] Starting UsuarioApplication using Java 15.0.1 on DESKTOP-KTL7JPA with PID 5040 (C:\Users\Usuario\Desktop\Sistemas\Electivas\Desarrollo de aplicaciones en la Nube\Laboratorio\Repositorios Integrados\dan-ms-usuarios\target\classes started by Usuario in C:\Users\Usuario\Desktop\Sistemas\Electivas\Desarrollo de aplicaciones en la Nube\Laboratorio\Repositorios Integrados\dan-ms-usuarios)
2021-08-05 05:30:59,958 INFO org.springframework.boot.SpringApplication [restartedMain] No active profile set, falling back to default profiles: default
2021-08-05 05:31:09,809 INFO org.springframework.boot.StartupInfoLogger [restartedMain] Started UsuarioApplication in 10.424 seconds (JVM running for 11.677)
2021-08-05 05:35:01,623 INFO com.dan.usuario.aspect.LogAspect [http-nio-9000-exec-10] A continuacion se ejecutara el metodo: crearCliente
2021-08-05 05:35:01,624 INFO com.dan.usuario.aspect.LogAspect [http-nio-9000-exec-10] Metodo de la clase: class com.dan.usuario.service.impl.ClienteServiceImpl
2021-08-05 05:35:01,632 INFO com.dan.usuario.aspect.LogAspect [http-nio-9000-exec-10] Argumentos: [Cliente [id=null, razonSocial=Construcciones Pablito, cuit=2038928293, mail=yuudfs@gmail.com, maxCuentaCorriente=5000.0, habilitadoOnline=false, user=Usuario [id=null, userr=yuudfs@gmail.com, password=1234, tipoUsuario=TipoUsuario [id=1, tipo=Cliente]]]]
2021-08-05 05:35:01,773 INFO com.dan.usuario.aspect.LogAspect [http-nio-9000-exec-10] Se ha ejecutado el metodo: crearCliente
2021-08-05 05:35:01,774 INFO com.dan.usuario.aspect.LogAspect [http-nio-9000-exec-10] A continuacion se ejecutara el metodo: createObra
2021-08-05 05:35:01,775 INFO com.dan.usuario.aspect.LogAspect [http-nio-9000-exec-10] Metodo de la clase: class com.dan.usuario.service.impl.ObraServiceImpl
2021-08-05 05:35:01,783 INFO com.dan.usuario.aspect.LogAspect [http-nio-9000-exec-10] Argumentos: [Obra [id=1, descripcion=Casa simple, latitud=43.3, longitud=-21.7, direccion=San Luis 2342 - Parana, superficie=25, tipo=TipoObra [id=2, descripcion=Casa], cliente=Cliente [id=1, razonSocial=Construcciones Pablito, cuit=2038928293, mail=yuudfs@gmail.com, maxCuentaCorriente=5000.0, habilitadoOnline=false, user=Usuario [id=1, userr=yuudfs@gmail.com, password=1234, tipoUsuario=TipoUsuario [id=1, tipo=Cliente]]]]]
2021-08-05 05:35:01,798 INFO com.dan.usuario.aspect.LogAspect [http-nio-9000-exec-10] Se ha ejecutado el metodo: createObra
2021-08-05 05:35:01,798 INFO com.dan.usuario.aspect.LogAspect [http-nio-9000-exec-10] A continuacion se ejecutara el metodo: createObra
2021-08-05 05:35:01,799 INFO com.dan.usuario.aspect.LogAspect [http-nio-9000-exec-10] Metodo de la clase: class com.dan.usuario.service.impl.ObraServiceImpl
2021-08-05 05:35:01,799 INFO com.dan.usuario.aspect.LogAspect [http-nio-9000-exec-10] Argumentos: [Obra [id=2, descripcion=Reforma de iglesia, latitud=51.3, longitud=-11.7, direccion=9 de Junio 432 - Laguna Paiva, superficie=50, tipo=TipoObra [id=1, descripcion=Reforma], cliente=Cliente [id=1, razonSocial=Construcciones Pablito, cuit=2038928293, mail=yuudfs@gmail.com, maxCuentaCorriente=5000.0, habilitadoOnline=false, user=Usuario [id=1, userr=yuudfs@gmail.com, password=1234, tipoUsuario=TipoUsuario [id=1, tipo=Cliente]]]]]
2021-08-05 05:35:01,801 INFO com.dan.usuario.aspect.LogAspect [http-nio-9000-exec-10] Se ha ejecutado el metodo: createObra
2021-08-05 05:35:04,379 INFO com.dan.usuario.aspect.LogAspect [http-nio-9000-exec-1] A continuacion se ejecutara el metodo: crearCliente
2021-08-05 05:35:04,379 INFO com.dan.usuario.aspect.LogAspect [http-nio-9000-exec-1] Metodo de la clase: class com.dan.usuario.service.impl.ClienteServiceImpl
2021-08-05 05:35:04,380 INFO com.dan.usuario.aspect.LogAspect [http-nio-9000-exec-1] Argumentos: [Cliente [id=null, razonSocial=Reformate, cuit=2454020324, mail=reformate_da@gmail.com, maxCuentaCorriente=5000.0, habilitadoOnline=false, user=Usuario [id=null, userr=reformate_da@gmail.com, password=1234, tipoUsuario=TipoUsuario [id=1, tipo=Cliente]]]]
2021-08-05 05:35:04,413 INFO com.dan.usuario.aspect.LogAspect [http-nio-9000-exec-1] Se ha ejecutado el metodo: crearCliente
2021-08-05 05:35:04,414 INFO com.dan.usuario.aspect.LogAspect [http-nio-9000-exec-1] A continuacion se ejecutara el metodo: createObra
2021-08-05 05:35:04,414 INFO com.dan.usuario.aspect.LogAspect [http-nio-9000-exec-1] Metodo de la clase: class com.dan.usuario.service.impl.ObraServiceImpl
2021-08-05 05:35:04,415 INFO com.dan.usuario.aspect.LogAspect [http-nio-9000-exec-1] Argumentos: [Obra [id=3, descripcion=Reforma de parque, latitud=60.3, longitud=31.7, direccion=27 de Febrero 220 - Rosario, superficie=50, tipo=TipoObra [id=1, descripcion=Reforma], cliente=Cliente [id=2, razonSocial=Reformate, cuit=2454020324, mail=reformate_da@gmail.com, maxCuentaCorriente=5000.0, habilitadoOnline=false, user=Usuario [id=2, userr=reformate_da@gmail.com, password=1234, tipoUsuario=TipoUsuario [id=1, tipo=Cliente]]]]]
2021-08-05 05:35:04,416 INFO com.dan.usuario.aspect.LogAspect [http-nio-9000-exec-1] Se ha ejecutado el metodo: createObra
2021-08-05 05:35:04,417 INFO com.dan.usuario.aspect.LogAspect [http-nio-9000-exec-1] A continuacion se ejecutara el metodo: createObra
2021-08-05 05:35:04,417 INFO com.dan.usuario.aspect.LogAspect [http-nio-9000-exec-1] Metodo de la clase: class com.dan.usuario.service.impl.ObraServiceImpl
2021-08-05 05:35:04,418 INFO com.dan.usuario.aspect.LogAspect [http-nio-9000-exec-1] Argumentos: [Obra [id=4, descripcion=Reforma de escuela, latitud=20.3, longitud=11.7, direccion=Achaval Rodríguez 1399 - Rosario, superficie=50, tipo=TipoObra [id=1, descripcion=Reforma], cliente=Cliente [id=2, razonSocial=Reformate, cuit=2454020324, mail=reformate_da@gmail.com, maxCuentaCorriente=5000.0, habilitadoOnline=false, user=Usuario [id=2, userr=reformate_da@gmail.com, password=1234, tipoUsuario=TipoUsuario [id=1, tipo=Cliente]]]]]
2021-08-05 05:35:04,419 INFO com.dan.usuario.aspect.LogAspect [http-nio-9000-exec-1] Se ha ejecutado el metodo: createObra
2021-08-05 05:35:04,420 INFO com.dan.usuario.aspect.LogAspect [http-nio-9000-exec-1] A continuacion se ejecutara el metodo: createObra
2021-08-05 05:35:04,420 INFO com.dan.usuario.aspect.LogAspect [http-nio-9000-exec-1] Metodo de la clase: class com.dan.usuario.service.impl.ObraServiceImpl
2021-08-05 05:35:04,420 INFO com.dan.usuario.aspect.LogAspect [http-nio-9000-exec-1] Argumentos: [Obra [id=5, descripcion=Reforma de escuela, latitud=43.3, longitud=25.2, direccion=Alvarez Jonte 777 - Rosario, superficie=55, tipo=TipoObra [id=1, descripcion=Reforma], cliente=Cliente [id=2, razonSocial=Reformate, cuit=2454020324, mail=reformate_da@gmail.com, maxCuentaCorriente=5000.0, habilitadoOnline=false, user=Usuario [id=2, userr=reformate_da@gmail.com, password=1234, tipoUsuario=TipoUsuario [id=1, tipo=Cliente]]]]]
2021-08-05 05:35:04,421 INFO com.dan.usuario.aspect.LogAspect [http-nio-9000-exec-1] Se ha ejecutado el metodo: createObra
2021-08-05 05:35:07,081 INFO com.dan.usuario.aspect.LogAspect [http-nio-9000-exec-2] A continuacion se ejecutara el metodo: crearCliente
2021-08-05 05:35:07,081 INFO com.dan.usuario.aspect.LogAspect [http-nio-9000-exec-2] Metodo de la clase: class com.dan.usuario.service.impl.ClienteServiceImpl
2021-08-05 05:35:07,082 INFO com.dan.usuario.aspect.LogAspect [http-nio-9000-exec-2] Argumentos: [Cliente [id=null, razonSocial=AmazingBuildings, cuit=2000318319, mail=ab2000@gmail.com, maxCuentaCorriente=5000.0, habilitadoOnline=false, user=Usuario [id=null, userr=ab2000@gmail.com, password=1234, tipoUsuario=TipoUsuario [id=1, tipo=Cliente]]]]
2021-08-05 05:35:07,096 INFO com.dan.usuario.aspect.LogAspect [http-nio-9000-exec-2] Se ha ejecutado el metodo: crearCliente
2021-08-05 05:35:07,096 INFO com.dan.usuario.aspect.LogAspect [http-nio-9000-exec-2] A continuacion se ejecutara el metodo: createObra
2021-08-05 05:35:07,096 INFO com.dan.usuario.aspect.LogAspect [http-nio-9000-exec-2] Metodo de la clase: class com.dan.usuario.service.impl.ObraServiceImpl
2021-08-05 05:35:07,097 INFO com.dan.usuario.aspect.LogAspect [http-nio-9000-exec-2] Argumentos: [Obra [id=6, descripcion=Construccion de edificio, latitud=60.3, longitud=31.7, direccion=27 de Febrero 222 - Rosario, superficie=55, tipo=TipoObra [id=3, descripcion=Edificio], cliente=Cliente [id=3, razonSocial=AmazingBuildings, cuit=2000318319, mail=ab2000@gmail.com, maxCuentaCorriente=5000.0, habilitadoOnline=false, user=Usuario [id=3, userr=ab2000@gmail.com, password=1234, tipoUsuario=TipoUsuario [id=1, tipo=Cliente]]]]]
2021-08-05 05:35:07,098 INFO com.dan.usuario.aspect.LogAspect [http-nio-9000-exec-2] Se ha ejecutado el metodo: createObra
2021-08-05 05:35:07,099 INFO com.dan.usuario.aspect.LogAspect [http-nio-9000-exec-2] A continuacion se ejecutara el metodo: createObra
2021-08-05 05:35:07,099 INFO com.dan.usuario.aspect.LogAspect [http-nio-9000-exec-2] Metodo de la clase: class com.dan.usuario.service.impl.ObraServiceImpl
2021-08-05 05:35:07,099 INFO com.dan.usuario.aspect.LogAspect [http-nio-9000-exec-2] Argumentos: [Obra [id=7, descripcion=Construccion de casa, latitud=20.3, longitud=11.7, direccion=Achaval Rodríguez 123 - Rosario, superficie=30, tipo=TipoObra [id=2, descripcion=Casa], cliente=Cliente [id=3, razonSocial=AmazingBuildings, cuit=2000318319, mail=ab2000@gmail.com, maxCuentaCorriente=5000.0, habilitadoOnline=false, user=Usuario [id=3, userr=ab2000@gmail.com, password=1234, tipoUsuario=TipoUsuario [id=1, tipo=Cliente]]]]]
2021-08-05 05:35:07,101 INFO com.dan.usuario.aspect.LogAspect [http-nio-9000-exec-2] Se ha ejecutado el metodo: createObra
2021-08-05 05:35:07,101 INFO com.dan.usuario.aspect.LogAspect [http-nio-9000-exec-2] A continuacion se ejecutara el metodo: createObra
2021-08-05 05:35:07,101 INFO com.dan.usuario.aspect.LogAspect [http-nio-9000-exec-2] Metodo de la clase: class com.dan.usuario.service.impl.ObraServiceImpl
2021-08-05 05:35:07,102 INFO com.dan.usuario.aspect.LogAspect [http-nio-9000-exec-2] Argumentos: [Obra [id=8, descripcion=Construccion de edificio, latitud=43.3, longitud=25.2, direccion=Alvarez Jonte 742 - Rosario, superficie=50, tipo=TipoObra [id=3, descripcion=Edificio], cliente=Cliente [id=3, razonSocial=AmazingBuildings, cuit=2000318319, mail=ab2000@gmail.com, maxCuentaCorriente=5000.0, habilitadoOnline=false, user=Usuario [id=3, userr=ab2000@gmail.com, password=1234, tipoUsuario=TipoUsuario [id=1, tipo=Cliente]]]]]
2021-08-05 05:35:07,103 INFO com.dan.usuario.aspect.LogAspect [http-nio-9000-exec-2] Se ha ejecutado el metodo: createObra
