2021-08-24 14:27:29,854 INFO com.dan.usuario.aspect.LogAspect [http-nio-9000-exec-10] Se ha ejecutado el metodo: findByMail
2021-08-24 14:29:35,291 INFO com.dan.usuario.aspect.LogAspect [http-nio-9000-exec-2] A continuacion se ejecutara el metodo: findByMail
2021-08-24 14:29:35,291 INFO com.dan.usuario.aspect.LogAspect [http-nio-9000-exec-2] Metodo de la clase: class com.dan.usuario.service.impl.ClienteServiceImpl
2021-08-24 14:29:35,292 INFO com.dan.usuario.aspect.LogAspect [http-nio-9000-exec-2] Argumentos: [yuudfs@gmail.com]
2021-08-24 14:29:35,294 INFO com.dan.usuario.aspect.LogAspect [http-nio-9000-exec-2] Se ha ejecutado el metodo: findByMail
2021-08-24 14:29:38,179 INFO com.dan.usuario.aspect.LogAspect [http-nio-9000-exec-3] A continuacion se ejecutara el metodo: findByMail
2021-08-24 14:29:38,180 INFO com.dan.usuario.aspect.LogAspect [http-nio-9000-exec-3] Metodo de la clase: class com.dan.usuario.service.impl.ClienteServiceImpl
2021-08-24 14:29:38,180 INFO com.dan.usuario.aspect.LogAspect [http-nio-9000-exec-3] Argumentos: [yuudfs@gmail.com]
2021-08-24 14:29:38,183 INFO com.dan.usuario.aspect.LogAspect [http-nio-9000-exec-3] Se ha ejecutado el metodo: findByMail
2021-08-24 14:31:12,393 INFO com.dan.usuario.aspect.LogAspect [http-nio-9000-exec-5] A continuacion se ejecutara el metodo: findByMail
2021-08-24 14:31:12,394 INFO com.dan.usuario.aspect.LogAspect [http-nio-9000-exec-5] Metodo de la clase: class com.dan.usuario.service.impl.ClienteServiceImpl
2021-08-24 14:31:12,394 INFO com.dan.usuario.aspect.LogAspect [http-nio-9000-exec-5] Argumentos: [yuudfs@gmail.com]
2021-08-24 14:31:12,397 INFO com.dan.usuario.aspect.LogAspect [http-nio-9000-exec-5] Se ha ejecutado el metodo: findByMail
2021-08-24 14:33:44,934 INFO com.dan.usuario.aspect.LogAspect [http-nio-9000-exec-7] A continuacion se ejecutara el metodo: findByMail
2021-08-24 14:33:44,935 INFO com.dan.usuario.aspect.LogAspect [http-nio-9000-exec-7] Metodo de la clase: class com.dan.usuario.service.impl.ClienteServiceImpl
2021-08-24 14:33:44,936 INFO com.dan.usuario.aspect.LogAspect [http-nio-9000-exec-7] Argumentos: [yuudfs@gmail.com]
2021-08-24 14:33:44,940 INFO com.dan.usuario.aspect.LogAspect [http-nio-9000-exec-7] Se ha ejecutado el metodo: findByMail
2021-08-24 14:34:38,275 INFO com.dan.usuario.aspect.LogAspect [http-nio-9000-exec-8] A continuacion se ejecutara el metodo: findByMail
2021-08-24 14:34:38,276 INFO com.dan.usuario.aspect.LogAspect [http-nio-9000-exec-8] Metodo de la clase: class com.dan.usuario.service.impl.ClienteServiceImpl
2021-08-24 14:34:38,277 INFO com.dan.usuario.aspect.LogAspect [http-nio-9000-exec-8] Argumentos: [yuudfs@gmail.com]
2021-08-24 14:34:38,281 INFO com.dan.usuario.aspect.LogAspect [http-nio-9000-exec-8] Se ha ejecutado el metodo: findByMail
2021-08-24 14:34:45,276 INFO com.dan.usuario.aspect.LogAspect [http-nio-9000-exec-9] A continuacion se ejecutara el metodo: findByMail
2021-08-24 14:34:45,277 INFO com.dan.usuario.aspect.LogAspect [http-nio-9000-exec-9] Metodo de la clase: class com.dan.usuario.service.impl.ClienteServiceImpl
2021-08-24 14:34:45,278 INFO com.dan.usuario.aspect.LogAspect [http-nio-9000-exec-9] Argumentos: [yuudfs@gmail.com]
2021-08-24 14:34:45,281 INFO com.dan.usuario.aspect.LogAspect [http-nio-9000-exec-9] Se ha ejecutado el metodo: findByMail
2021-08-24 14:37:42,835 INFO com.dan.usuario.aspect.LogAspect [http-nio-9000-exec-1] A continuacion se ejecutara el metodo: findByMail
2021-08-24 14:37:42,836 INFO com.dan.usuario.aspect.LogAspect [http-nio-9000-exec-1] Metodo de la clase: class com.dan.usuario.service.impl.ClienteServiceImpl
2021-08-24 14:37:42,837 INFO com.dan.usuario.aspect.LogAspect [http-nio-9000-exec-1] Argumentos: [yuudfs@gmail.com]
2021-08-24 14:37:42,839 INFO com.dan.usuario.aspect.LogAspect [http-nio-9000-exec-1] Se ha ejecutado el metodo: findByMail
2021-08-24 14:37:53,858 INFO com.dan.usuario.aspect.LogAspect [http-nio-9000-exec-2] A continuacion se ejecutara el metodo: findByMail
2021-08-24 14:37:53,859 INFO com.dan.usuario.aspect.LogAspect [http-nio-9000-exec-2] Metodo de la clase: class com.dan.usuario.service.impl.ClienteServiceImpl
2021-08-24 14:37:53,860 INFO com.dan.usuario.aspect.LogAspect [http-nio-9000-exec-2] Argumentos: [yuudfs@gmail.com]
2021-08-24 14:37:53,862 INFO com.dan.usuario.aspect.LogAspect [http-nio-9000-exec-2] Se ha ejecutado el metodo: findByMail
2021-08-24 14:38:16,493 INFO com.dan.usuario.aspect.LogAspect [http-nio-9000-exec-3] A continuacion se ejecutara el metodo: findByMail
2021-08-24 14:38:16,493 INFO com.dan.usuario.aspect.LogAspect [http-nio-9000-exec-3] Metodo de la clase: class com.dan.usuario.service.impl.ClienteServiceImpl
2021-08-24 14:38:16,494 INFO com.dan.usuario.aspect.LogAspect [http-nio-9000-exec-3] Argumentos: [yuudfs@gmail.com]
2021-08-24 14:38:16,497 INFO com.dan.usuario.aspect.LogAspect [http-nio-9000-exec-3] Se ha ejecutado el metodo: findByMail
2021-08-24 14:39:26,363 INFO com.dan.usuario.aspect.LogAspect [http-nio-9000-exec-5] A continuacion se ejecutara el metodo: findByMail
2021-08-24 14:39:26,363 INFO com.dan.usuario.aspect.LogAspect [http-nio-9000-exec-5] Metodo de la clase: class com.dan.usuario.service.impl.ClienteServiceImpl
2021-08-24 14:39:26,363 INFO com.dan.usuario.aspect.LogAspect [http-nio-9000-exec-5] Argumentos: [yuudfs@gmail.com]
2021-08-24 14:39:26,365 INFO com.dan.usuario.aspect.LogAspect [http-nio-9000-exec-5] Se ha ejecutado el metodo: findByMail
2021-08-24 14:42:40,059 INFO com.dan.usuario.aspect.LogAspect [http-nio-9000-exec-7] A continuacion se ejecutara el metodo: findByMail
2021-08-24 14:42:40,060 INFO com.dan.usuario.aspect.LogAspect [http-nio-9000-exec-7] Metodo de la clase: class com.dan.usuario.service.impl.ClienteServiceImpl
2021-08-24 14:42:40,060 INFO com.dan.usuario.aspect.LogAspect [http-nio-9000-exec-7] Argumentos: [yuudfs@gmail.com]
2021-08-24 14:42:40,064 INFO com.dan.usuario.aspect.LogAspect [http-nio-9000-exec-7] Se ha ejecutado el metodo: findByMail
2021-08-24 14:43:29,287 INFO com.dan.usuario.aspect.LogAspect [http-nio-9000-exec-8] A continuacion se ejecutara el metodo: findByMail
2021-08-24 14:43:29,288 INFO com.dan.usuario.aspect.LogAspect [http-nio-9000-exec-8] Metodo de la clase: class com.dan.usuario.service.impl.ClienteServiceImpl
2021-08-24 14:43:29,292 INFO com.dan.usuario.aspect.LogAspect [http-nio-9000-exec-8] Argumentos: [yuudfs@gmail.com]
2021-08-24 14:43:29,297 INFO com.dan.usuario.aspect.LogAspect [http-nio-9000-exec-8] Se ha ejecutado el metodo: findByMail
2021-08-24 14:45:05,332 INFO com.dan.usuario.aspect.LogAspect [http-nio-9000-exec-10] A continuacion se ejecutara el metodo: findByMail
2021-08-24 14:45:05,333 INFO com.dan.usuario.aspect.LogAspect [http-nio-9000-exec-10] Metodo de la clase: class com.dan.usuario.service.impl.ClienteServiceImpl
2021-08-24 14:45:05,333 INFO com.dan.usuario.aspect.LogAspect [http-nio-9000-exec-10] Argumentos: [yuudfs@gmail.com]
2021-08-24 14:45:05,335 INFO com.dan.usuario.aspect.LogAspect [http-nio-9000-exec-10] Se ha ejecutado el metodo: findByMail
2021-08-24 14:47:08,317 INFO com.dan.usuario.aspect.LogAspect [http-nio-9000-exec-2] A continuacion se ejecutara el metodo: findByMail
2021-08-24 14:47:08,317 INFO com.dan.usuario.aspect.LogAspect [http-nio-9000-exec-2] Metodo de la clase: class com.dan.usuario.service.impl.ClienteServiceImpl
2021-08-24 14:47:08,318 INFO com.dan.usuario.aspect.LogAspect [http-nio-9000-exec-2] Argumentos: [yuudfs@gmail.com]
2021-08-24 14:47:08,321 INFO com.dan.usuario.aspect.LogAspect [http-nio-9000-exec-2] Se ha ejecutado el metodo: findByMail
2021-08-24 14:48:47,774 INFO com.dan.usuario.aspect.LogAspect [http-nio-9000-exec-4] A continuacion se ejecutara el metodo: findByMail
2021-08-24 14:48:47,775 INFO com.dan.usuario.aspect.LogAspect [http-nio-9000-exec-4] Metodo de la clase: class com.dan.usuario.service.impl.ClienteServiceImpl
2021-08-24 14:48:47,775 INFO com.dan.usuario.aspect.LogAspect [http-nio-9000-exec-4] Argumentos: [yuudfs@gmail.com]
2021-08-24 14:48:47,907 INFO com.dan.usuario.aspect.LogAspect [http-nio-9000-exec-4] Se ha ejecutado el metodo: findByMail
2021-08-24 14:51:53,664 INFO com.dan.usuario.aspect.LogAspect [http-nio-9000-exec-6] A continuacion se ejecutara el metodo: findByMail
2021-08-24 14:51:53,665 INFO com.dan.usuario.aspect.LogAspect [http-nio-9000-exec-6] Metodo de la clase: class com.dan.usuario.service.impl.ClienteServiceImpl
2021-08-24 14:51:53,665 INFO com.dan.usuario.aspect.LogAspect [http-nio-9000-exec-6] Argumentos: [yuudfs@gmail.com]
2021-08-24 14:51:53,674 INFO com.dan.usuario.aspect.LogAspect [http-nio-9000-exec-6] Se ha ejecutado el metodo: findByMail
2021-08-24 14:51:55,952 INFO com.dan.usuario.aspect.LogAspect [http-nio-9000-exec-7] A continuacion se ejecutara el metodo: findByMail
2021-08-24 14:51:55,952 INFO com.dan.usuario.aspect.LogAspect [http-nio-9000-exec-7] Metodo de la clase: class com.dan.usuario.service.impl.ClienteServiceImpl
2021-08-24 14:51:55,952 INFO com.dan.usuario.aspect.LogAspect [http-nio-9000-exec-7] Argumentos: [yuudfs@gmail.com]
2021-08-24 14:51:55,955 INFO com.dan.usuario.aspect.LogAspect [http-nio-9000-exec-7] Se ha ejecutado el metodo: findByMail
2021-08-24 14:51:56,818 INFO com.dan.usuario.aspect.LogAspect [http-nio-9000-exec-8] A continuacion se ejecutara el metodo: findByMail
2021-08-24 14:51:56,819 INFO com.dan.usuario.aspect.LogAspect [http-nio-9000-exec-8] Metodo de la clase: class com.dan.usuario.service.impl.ClienteServiceImpl
2021-08-24 14:51:56,819 INFO com.dan.usuario.aspect.LogAspect [http-nio-9000-exec-8] Argumentos: [yuudfs@gmail.com]
2021-08-24 14:51:56,822 INFO com.dan.usuario.aspect.LogAspect [http-nio-9000-exec-8] Se ha ejecutado el metodo: findByMail
2021-08-24 14:52:00,441 INFO com.dan.usuario.aspect.LogAspect [http-nio-9000-exec-9] A continuacion se ejecutara el metodo: listarClientes
2021-08-24 14:52:00,442 INFO com.dan.usuario.aspect.LogAspect [http-nio-9000-exec-9] Metodo de la clase: class com.dan.usuario.service.impl.ClienteServiceImpl
2021-08-24 14:52:00,442 INFO com.dan.usuario.aspect.LogAspect [http-nio-9000-exec-9] Argumentos: []
2021-08-24 14:52:00,450 INFO com.dan.usuario.aspect.LogAspect [http-nio-9000-exec-9] Se ha ejecutado el metodo: listarClientes
2021-08-24 14:52:11,939 INFO com.dan.usuario.aspect.LogAspect [http-nio-9000-exec-10] A continuacion se ejecutara el metodo: findByMail
2021-08-24 14:52:11,939 INFO com.dan.usuario.aspect.LogAspect [http-nio-9000-exec-10] Metodo de la clase: class com.dan.usuario.service.impl.ClienteServiceImpl
2021-08-24 14:52:11,939 INFO com.dan.usuario.aspect.LogAspect [http-nio-9000-exec-10] Argumentos: [yuudfs@gmail.com]
2021-08-24 14:52:11,942 INFO com.dan.usuario.aspect.LogAspect [http-nio-9000-exec-10] Se ha ejecutado el metodo: findByMail
2021-08-24 14:52:21,097 INFO com.dan.usuario.aspect.LogAspect [http-nio-9000-exec-2] A continuacion se ejecutara el metodo: createObra
2021-08-24 14:52:21,098 INFO com.dan.usuario.aspect.LogAspect [http-nio-9000-exec-2] Metodo de la clase: class com.dan.usuario.service.impl.ObraServiceImpl
2021-08-24 14:52:21,098 INFO com.dan.usuario.aspect.LogAspect [http-nio-9000-exec-2] Argumentos: [Obra [id=null, descripcion=, latitud=0.0, longitud=0.0, direccion=, superficie=0, tipo=TipoObra [id=1, descripcion=Reforma], cliente=Cliente [id=1, razonSocial=null, cuit=null, mail=null, maxCuentaCorriente=null, habilitadoOnline=null, user=null]]]
2021-08-24 14:52:21,112 INFO com.dan.usuario.aspect.LogAspect [http-nio-9000-exec-2] Se ha ejecutado el metodo: createObra
2021-08-24 14:52:21,134 INFO com.dan.usuario.aspect.LogAspect [http-nio-9000-exec-3] A continuacion se ejecutara el metodo: findByMail
2021-08-24 14:52:21,134 INFO com.dan.usuario.aspect.LogAspect [http-nio-9000-exec-3] Metodo de la clase: class com.dan.usuario.service.impl.ClienteServiceImpl
2021-08-24 14:52:21,135 INFO com.dan.usuario.aspect.LogAspect [http-nio-9000-exec-3] Argumentos: [yuudfs@gmail.com]
2021-08-24 14:52:21,138 INFO com.dan.usuario.aspect.LogAspect [http-nio-9000-exec-3] Se ha ejecutado el metodo: findByMail
2021-08-24 14:52:23,091 INFO com.dan.usuario.aspect.LogAspect [http-nio-9000-exec-5] A continuacion se ejecutara el metodo: deleteObraPorId
2021-08-24 14:52:23,092 INFO com.dan.usuario.aspect.LogAspect [http-nio-9000-exec-5] Metodo de la clase: class com.dan.usuario.service.impl.ObraServiceImpl
2021-08-24 14:52:23,092 INFO com.dan.usuario.aspect.LogAspect [http-nio-9000-exec-5] Argumentos: [72]
2021-08-24 14:52:23,268 INFO com.dan.usuario.aspect.LogAspect [http-nio-9000-exec-5] Se ha ejecutado el metodo: deleteObraPorId
2021-08-24 14:52:23,282 INFO com.dan.usuario.aspect.LogAspect [http-nio-9000-exec-6] A continuacion se ejecutara el metodo: findByMail
2021-08-24 14:52:23,282 INFO com.dan.usuario.aspect.LogAspect [http-nio-9000-exec-6] Metodo de la clase: class com.dan.usuario.service.impl.ClienteServiceImpl
2021-08-24 14:52:23,282 INFO com.dan.usuario.aspect.LogAspect [http-nio-9000-exec-6] Argumentos: [yuudfs@gmail.com]
2021-08-24 14:52:23,284 INFO com.dan.usuario.aspect.LogAspect [http-nio-9000-exec-6] Se ha ejecutado el metodo: findByMail
2021-08-24 14:57:35,352 INFO com.dan.usuario.aspect.LogAspect [http-nio-9000-exec-8] A continuacion se ejecutara el metodo: findByMail
2021-08-24 14:57:35,353 INFO com.dan.usuario.aspect.LogAspect [http-nio-9000-exec-8] Metodo de la clase: class com.dan.usuario.service.impl.ClienteServiceImpl
2021-08-24 14:57:35,353 INFO com.dan.usuario.aspect.LogAspect [http-nio-9000-exec-8] Argumentos: [yuudfs@gmail.com]
2021-08-24 14:57:35,356 INFO com.dan.usuario.aspect.LogAspect [http-nio-9000-exec-8] Se ha ejecutado el metodo: findByMail
2021-08-24 14:58:54,043 INFO com.dan.usuario.aspect.LogAspect [http-nio-9000-exec-10] A continuacion se ejecutara el metodo: listarClientes
2021-08-24 14:58:54,043 INFO com.dan.usuario.aspect.LogAspect [http-nio-9000-exec-10] Metodo de la clase: class com.dan.usuario.service.impl.ClienteServiceImpl
2021-08-24 14:58:54,043 INFO com.dan.usuario.aspect.LogAspect [http-nio-9000-exec-10] Argumentos: []
2021-08-24 14:58:54,047 INFO com.dan.usuario.aspect.LogAspect [http-nio-9000-exec-10] Se ha ejecutado el metodo: listarClientes
2021-08-24 14:59:05,433 INFO com.dan.usuario.aspect.LogAspect [http-nio-9000-exec-1] A continuacion se ejecutara el metodo: findByMail
2021-08-24 14:59:05,434 INFO com.dan.usuario.aspect.LogAspect [http-nio-9000-exec-1] Metodo de la clase: class com.dan.usuario.service.impl.ClienteServiceImpl
2021-08-24 14:59:05,434 INFO com.dan.usuario.aspect.LogAspect [http-nio-9000-exec-1] Argumentos: [yuudfs@gmail.com]
2021-08-24 14:59:05,437 INFO com.dan.usuario.aspect.LogAspect [http-nio-9000-exec-1] Se ha ejecutado el metodo: findByMail
2021-08-24 14:59:11,340 INFO com.dan.usuario.aspect.LogAspect [http-nio-9000-exec-2] A continuacion se ejecutara el metodo: findByMail
2021-08-24 14:59:11,340 INFO com.dan.usuario.aspect.LogAspect [http-nio-9000-exec-2] Metodo de la clase: class com.dan.usuario.service.impl.ClienteServiceImpl
2021-08-24 14:59:11,341 INFO com.dan.usuario.aspect.LogAspect [http-nio-9000-exec-2] Argumentos: [yuudfs@gmail.com]
2021-08-24 14:59:11,344 INFO com.dan.usuario.aspect.LogAspect [http-nio-9000-exec-2] Se ha ejecutado el metodo: findByMail
2021-08-24 14:59:17,115 INFO com.dan.usuario.aspect.LogAspect [http-nio-9000-exec-3] A continuacion se ejecutara el metodo: findByMail
2021-08-24 14:59:17,116 INFO com.dan.usuario.aspect.LogAspect [http-nio-9000-exec-3] Metodo de la clase: class com.dan.usuario.service.impl.ClienteServiceImpl
2021-08-24 14:59:17,116 INFO com.dan.usuario.aspect.LogAspect [http-nio-9000-exec-3] Argumentos: [yuudfs@gmail.com]
2021-08-24 14:59:17,119 INFO com.dan.usuario.aspect.LogAspect [http-nio-9000-exec-3] Se ha ejecutado el metodo: findByMail
2021-08-24 14:59:19,111 INFO com.dan.usuario.aspect.LogAspect [http-nio-9000-exec-4] A continuacion se ejecutara el metodo: findByMail
2021-08-24 14:59:19,112 INFO com.dan.usuario.aspect.LogAspect [http-nio-9000-exec-4] Metodo de la clase: class com.dan.usuario.service.impl.ClienteServiceImpl
2021-08-24 14:59:19,112 INFO com.dan.usuario.aspect.LogAspect [http-nio-9000-exec-4] Argumentos: [yuudfs@gmail.com]
2021-08-24 14:59:19,114 INFO com.dan.usuario.aspect.LogAspect [http-nio-9000-exec-4] Se ha ejecutado el metodo: findByMail
2021-08-24 14:59:20,028 INFO com.dan.usuario.aspect.LogAspect [http-nio-9000-exec-5] A continuacion se ejecutara el metodo: listarClientes
2021-08-24 14:59:20,029 INFO com.dan.usuario.aspect.LogAspect [http-nio-9000-exec-5] Metodo de la clase: class com.dan.usuario.service.impl.ClienteServiceImpl
2021-08-24 14:59:20,029 INFO com.dan.usuario.aspect.LogAspect [http-nio-9000-exec-5] Argumentos: []
2021-08-24 14:59:20,032 INFO com.dan.usuario.aspect.LogAspect [http-nio-9000-exec-5] Se ha ejecutado el metodo: listarClientes
2021-08-24 14:59:23,989 INFO com.dan.usuario.aspect.LogAspect [http-nio-9000-exec-6] A continuacion se ejecutara el metodo: findByMail
2021-08-24 14:59:23,990 INFO com.dan.usuario.aspect.LogAspect [http-nio-9000-exec-6] Metodo de la clase: class com.dan.usuario.service.impl.ClienteServiceImpl
2021-08-24 14:59:23,990 INFO com.dan.usuario.aspect.LogAspect [http-nio-9000-exec-6] Argumentos: [yuudfs@gmail.com]
2021-08-24 14:59:23,994 INFO com.dan.usuario.aspect.LogAspect [http-nio-9000-exec-6] Se ha ejecutado el metodo: findByMail
2021-08-24 14:59:30,882 INFO com.dan.usuario.aspect.LogAspect [http-nio-9000-exec-7] A continuacion se ejecutara el metodo: findByMail
2021-08-24 14:59:30,883 INFO com.dan.usuario.aspect.LogAspect [http-nio-9000-exec-7] Metodo de la clase: class com.dan.usuario.service.impl.ClienteServiceImpl
2021-08-24 14:59:30,884 INFO com.dan.usuario.aspect.LogAspect [http-nio-9000-exec-7] Argumentos: [yuudfs@gmail.com]
2021-08-24 14:59:30,886 INFO com.dan.usuario.aspect.LogAspect [http-nio-9000-exec-7] Se ha ejecutado el metodo: findByMail
2021-08-24 14:59:37,705 INFO com.dan.usuario.aspect.LogAspect [http-nio-9000-exec-8] A continuacion se ejecutara el metodo: findByMail
2021-08-24 14:59:37,705 INFO com.dan.usuario.aspect.LogAspect [http-nio-9000-exec-8] Metodo de la clase: class com.dan.usuario.service.impl.ClienteServiceImpl
2021-08-24 14:59:37,706 INFO com.dan.usuario.aspect.LogAspect [http-nio-9000-exec-8] Argumentos: [yuudfs@gmail.com]
2021-08-24 14:59:37,708 INFO com.dan.usuario.aspect.LogAspect [http-nio-9000-exec-8] Se ha ejecutado el metodo: findByMail
2021-08-24 14:59:38,648 INFO com.dan.usuario.aspect.LogAspect [http-nio-9000-exec-9] A continuacion se ejecutara el metodo: findByMail
2021-08-24 14:59:38,649 INFO com.dan.usuario.aspect.LogAspect [http-nio-9000-exec-9] Metodo de la clase: class com.dan.usuario.service.impl.ClienteServiceImpl
2021-08-24 14:59:38,650 INFO com.dan.usuario.aspect.LogAspect [http-nio-9000-exec-9] Argumentos: [yuudfs@gmail.com]
2021-08-24 14:59:38,653 INFO com.dan.usuario.aspect.LogAspect [http-nio-9000-exec-9] Se ha ejecutado el metodo: findByMail
2021-08-24 14:59:39,173 INFO com.dan.usuario.aspect.LogAspect [http-nio-9000-exec-10] A continuacion se ejecutara el metodo: findByMail
2021-08-24 14:59:39,174 INFO com.dan.usuario.aspect.LogAspect [http-nio-9000-exec-10] Metodo de la clase: class com.dan.usuario.service.impl.ClienteServiceImpl
2021-08-24 14:59:39,174 INFO com.dan.usuario.aspect.LogAspect [http-nio-9000-exec-10] Argumentos: [yuudfs@gmail.com]
2021-08-24 14:59:39,176 INFO com.dan.usuario.aspect.LogAspect [http-nio-9000-exec-10] Se ha ejecutado el metodo: findByMail
2021-08-24 14:59:39,725 INFO com.dan.usuario.aspect.LogAspect [http-nio-9000-exec-1] A continuacion se ejecutara el metodo: listarClientes
2021-08-24 14:59:39,726 INFO com.dan.usuario.aspect.LogAspect [http-nio-9000-exec-1] Metodo de la clase: class com.dan.usuario.service.impl.ClienteServiceImpl
2021-08-24 14:59:39,726 INFO com.dan.usuario.aspect.LogAspect [http-nio-9000-exec-1] Argumentos: []
2021-08-24 14:59:39,730 INFO com.dan.usuario.aspect.LogAspect [http-nio-9000-exec-1] Se ha ejecutado el metodo: listarClientes
2021-08-24 15:01:50,256 INFO com.dan.usuario.aspect.LogAspect [http-nio-9000-exec-3] A continuacion se ejecutara el metodo: listarClientes
2021-08-24 15:01:50,256 INFO com.dan.usuario.aspect.LogAspect [http-nio-9000-exec-3] Metodo de la clase: class com.dan.usuario.service.impl.ClienteServiceImpl
2021-08-24 15:01:50,256 INFO com.dan.usuario.aspect.LogAspect [http-nio-9000-exec-3] Argumentos: []
