2021-08-02 00:09:40,434 INFO org.springframework.boot.StartupInfoLogger [main] Starting ClienteRestTest using Java 15.0.1 on DESKTOP-KTL7JPA with PID 8352 (started by Usuario in C:\Users\Usuario\Desktop\Sistemas\Electivas\Desarrollo de aplicaciones en la Nube\Laboratorio\Repositorios Integrados\dan-ms-usuarios)
2021-08-02 00:09:40,440 DEBUG org.springframework.boot.StartupInfoLogger [main] Running with Spring Boot v2.4.5, Spring v5.3.6
2021-08-02 00:09:40,440 INFO org.springframework.boot.SpringApplication [main] The following profiles are active: testing
2021-08-02 00:09:57,823 INFO org.springframework.boot.StartupInfoLogger [main] Started ClienteRestTest in 18.34 seconds (JVM running for 21.883)
2021-08-02 00:09:58,479 INFO com.dan.usuario.aspect.LogAspect [http-nio-auto-1-exec-1] A continuacion se ejecutara el metodo: crearCliente
2021-08-02 00:09:58,482 INFO com.dan.usuario.aspect.LogAspect [http-nio-auto-1-exec-1] Metodo de la clase: class com.dan.usuario.service.impl.ClienteServiceImpl
2021-08-02 00:09:58,485 INFO com.dan.usuario.aspect.LogAspect [http-nio-auto-1-exec-1] Argumentos: [Cliente [id=null, razonSocial=Razon 1, cuit=4532423, mail=asdas@gmail.com, maxCuentaCorriente=5000.0, habilitadoOnline=false, user=Usuario [id=null, userr=asdas@gmail.com, password=1234, tipoUsuario=TipoUsuario [id=1, tipo=Cliente]]]]
2021-08-02 00:09:58,515 INFO com.dan.usuario.aspect.LogAspect [http-nio-auto-1-exec-1] Se ha ejecutado el metodo: crearCliente
2021-08-02 00:09:58,516 INFO com.dan.usuario.aspect.LogAspect [http-nio-auto-1-exec-1] A continuacion se ejecutara el metodo: createObra
2021-08-02 00:09:58,516 INFO com.dan.usuario.aspect.LogAspect [http-nio-auto-1-exec-1] Metodo de la clase: class com.dan.usuario.service.impl.ObraServiceImpl
2021-08-02 00:09:58,527 INFO com.dan.usuario.aspect.LogAspect [http-nio-auto-1-exec-1] Argumentos: [Obra [id=null, descripcion=desc, latitud=10.3, longitud=43.1, direccion=dir, superficie=32, tipo=TipoObra [id=null, descripcion=null], cliente=Cliente [id=null, razonSocial=Razon 1, cuit=4532423, mail=asdas@gmail.com, maxCuentaCorriente=5000.0, habilitadoOnline=false, user=null]]]
2021-08-02 00:09:58,547 INFO com.dan.usuario.aspect.LogAspect [http-nio-auto-1-exec-1] Se ha ejecutado el metodo: createObra
2021-08-02 00:09:58,928 INFO org.springframework.boot.StartupInfoLogger [main] Starting ObraRestTest using Java 15.0.1 on DESKTOP-KTL7JPA with PID 8352 (started by Usuario in C:\Users\Usuario\Desktop\Sistemas\Electivas\Desarrollo de aplicaciones en la Nube\Laboratorio\Repositorios Integrados\dan-ms-usuarios)
2021-08-02 00:09:58,929 DEBUG org.springframework.boot.StartupInfoLogger [main] Running with Spring Boot v2.4.5, Spring v5.3.6
2021-08-02 00:09:58,929 INFO org.springframework.boot.SpringApplication [main] The following profiles are active: testing
2021-08-02 00:10:04,332 INFO org.springframework.boot.StartupInfoLogger [main] Started ObraRestTest in 5.533 seconds (JVM running for 28.392)
2021-08-02 00:10:04,559 INFO com.dan.usuario.aspect.LogAspect [http-nio-auto-2-exec-1] A continuacion se ejecutara el metodo: createObra
2021-08-02 00:10:04,560 INFO com.dan.usuario.aspect.LogAspect [http-nio-auto-2-exec-1] Metodo de la clase: class com.dan.usuario.service.impl.ObraServiceImpl
2021-08-02 00:10:04,560 INFO com.dan.usuario.aspect.LogAspect [http-nio-auto-2-exec-1] Argumentos: [Obra [id=null, descripcion=desc, latitud=10.3, longitud=43.1, direccion=dir, superficie=32, tipo=TipoObra [id=1, descripcion=null], cliente=null]]
2021-08-02 00:10:04,573 INFO com.dan.usuario.aspect.LogAspect [http-nio-auto-2-exec-1] Se ha ejecutado el metodo: createObra
2021-08-02 00:10:04,680 INFO org.springframework.boot.StartupInfoLogger [main] Starting ClienteServiceImplUnitTest using Java 15.0.1 on DESKTOP-KTL7JPA with PID 8352 (started by Usuario in C:\Users\Usuario\Desktop\Sistemas\Electivas\Desarrollo de aplicaciones en la Nube\Laboratorio\Repositorios Integrados\dan-ms-usuarios)
2021-08-02 00:10:04,681 DEBUG org.springframework.boot.StartupInfoLogger [main] Running with Spring Boot v2.4.5, Spring v5.3.6
2021-08-02 00:10:04,681 INFO org.springframework.boot.SpringApplication [main] The following profiles are active: testing
2021-08-02 00:10:07,382 INFO org.springframework.boot.StartupInfoLogger [main] Started ClienteServiceImplUnitTest in 2.741 seconds (JVM running for 31.443)
2021-08-02 00:10:07,392 INFO com.dan.usuario.aspect.LogAspect [main] A continuacion se ejecutara el metodo: crearCliente
2021-08-02 00:10:07,393 INFO com.dan.usuario.aspect.LogAspect [main] Metodo de la clase: class com.dan.usuario.service.impl.ClienteServiceImpl
2021-08-02 00:10:07,393 INFO com.dan.usuario.aspect.LogAspect [main] Argumentos: [Cliente [id=null, razonSocial=null, cuit=null, mail=null, maxCuentaCorriente=null, habilitadoOnline=null, user=null]]
2021-08-02 00:10:07,394 INFO com.dan.usuario.aspect.LogAspect [main] Se ha ejecutado el metodo: crearCliente
2021-08-02 00:10:07,403 INFO com.dan.usuario.aspect.LogAspect [main] A continuacion se ejecutara el metodo: crearCliente
2021-08-02 00:10:07,404 INFO com.dan.usuario.aspect.LogAspect [main] Metodo de la clase: class com.dan.usuario.service.impl.ClienteServiceImpl
2021-08-02 00:10:07,404 INFO com.dan.usuario.aspect.LogAspect [main] Argumentos: [Cliente [id=null, razonSocial=null, cuit=null, mail=null, maxCuentaCorriente=null, habilitadoOnline=null, user=null]]
2021-08-02 00:10:07,405 INFO com.dan.usuario.aspect.LogAspect [main] Se ha ejecutado el metodo: crearCliente
2021-08-02 00:10:07,423 INFO com.dan.usuario.aspect.LogAspect [main] A continuacion se ejecutara el metodo: crearCliente
2021-08-02 00:10:07,423 INFO com.dan.usuario.aspect.LogAspect [main] Metodo de la clase: class com.dan.usuario.service.impl.ClienteServiceImpl
2021-08-02 00:10:07,424 INFO com.dan.usuario.aspect.LogAspect [main] Argumentos: [Cliente [id=null, razonSocial=null, cuit=null, mail=null, maxCuentaCorriente=null, habilitadoOnline=null, user=null]]
2021-08-02 00:10:07,424 INFO com.dan.usuario.aspect.LogAspect [main] Se ha ejecutado el metodo: crearCliente
