2021-08-24 11:51:25,343 INFO org.springframework.boot.StartupInfoLogger [restartedMain] Starting UsuarioApplication using Java 15.0.1 on DESKTOP-KTL7JPA with PID 15988 (C:\Users\Usuario\Desktop\Sistemas\Electivas\Desarrollo de aplicaciones en la Nube\Laboratorio\Repositorios Integrados\dan-ms-usuarios\target\classes started by Usuario in C:\Users\Usuario\Desktop\Sistemas\Electivas\Desarrollo de aplicaciones en la Nube\Laboratorio\Repositorios Integrados\dan-ms-usuarios)
2021-08-24 11:51:25,350 INFO org.springframework.boot.SpringApplication [restartedMain] No active profile set, falling back to default profiles: default
2021-08-24 11:51:41,291 INFO org.springframework.boot.StartupInfoLogger [restartedMain] Started UsuarioApplication in 16.795 seconds (JVM running for 18.178)
2021-08-24 11:59:06,399 INFO com.dan.usuario.aspect.LogAspect [http-nio-9000-exec-1] A continuacion se ejecutara el metodo: listarClientes
2021-08-24 11:59:06,400 INFO com.dan.usuario.aspect.LogAspect [http-nio-9000-exec-1] Metodo de la clase: class com.dan.usuario.service.impl.ClienteServiceImpl
2021-08-24 11:59:06,400 INFO com.dan.usuario.aspect.LogAspect [http-nio-9000-exec-1] Argumentos: []
2021-08-24 11:59:06,814 INFO com.dan.usuario.aspect.LogAspect [http-nio-9000-exec-1] Se ha ejecutado el metodo: listarClientes
2021-08-24 11:59:08,111 INFO com.dan.usuario.aspect.LogAspect [http-nio-9000-exec-2] A continuacion se ejecutara el metodo: findByMail
2021-08-24 11:59:08,111 INFO com.dan.usuario.aspect.LogAspect [http-nio-9000-exec-2] Metodo de la clase: class com.dan.usuario.service.impl.ClienteServiceImpl
2021-08-24 11:59:08,111 INFO com.dan.usuario.aspect.LogAspect [http-nio-9000-exec-2] Argumentos: [yuudfs@gmail.com]
2021-08-24 11:59:08,158 INFO com.dan.usuario.aspect.LogAspect [http-nio-9000-exec-2] Se ha ejecutado el metodo: findByMail
2021-08-24 11:59:18,318 INFO com.dan.usuario.aspect.LogAspect [http-nio-9000-exec-3] A continuacion se ejecutara el metodo: findByMail
2021-08-24 11:59:18,319 INFO com.dan.usuario.aspect.LogAspect [http-nio-9000-exec-3] Metodo de la clase: class com.dan.usuario.service.impl.ClienteServiceImpl
2021-08-24 11:59:18,319 INFO com.dan.usuario.aspect.LogAspect [http-nio-9000-exec-3] Argumentos: [yuudfs@gmail.com]
2021-08-24 11:59:18,325 INFO com.dan.usuario.aspect.LogAspect [http-nio-9000-exec-3] Se ha ejecutado el metodo: findByMail
2021-08-24 12:04:01,331 INFO com.dan.usuario.aspect.LogAspect [http-nio-9000-exec-5] A continuacion se ejecutara el metodo: findByMail
2021-08-24 12:04:01,332 INFO com.dan.usuario.aspect.LogAspect [http-nio-9000-exec-5] Metodo de la clase: class com.dan.usuario.service.impl.ClienteServiceImpl
2021-08-24 12:04:01,333 INFO com.dan.usuario.aspect.LogAspect [http-nio-9000-exec-5] Argumentos: [yuudfs@gmail.com]
2021-08-24 12:04:01,338 INFO com.dan.usuario.aspect.LogAspect [http-nio-9000-exec-5] Se ha ejecutado el metodo: findByMail
2021-08-24 12:05:08,835 INFO com.dan.usuario.aspect.LogAspect [http-nio-9000-exec-7] A continuacion se ejecutara el metodo: findByMail
2021-08-24 12:05:08,837 INFO com.dan.usuario.aspect.LogAspect [http-nio-9000-exec-7] Metodo de la clase: class com.dan.usuario.service.impl.ClienteServiceImpl
2021-08-24 12:05:08,837 INFO com.dan.usuario.aspect.LogAspect [http-nio-9000-exec-7] Argumentos: [yuudfs@gmail.com]
2021-08-24 12:05:08,845 INFO com.dan.usuario.aspect.LogAspect [http-nio-9000-exec-7] Se ha ejecutado el metodo: findByMail
2021-08-24 12:06:52,343 INFO com.dan.usuario.aspect.LogAspect [http-nio-9000-exec-9] A continuacion se ejecutara el metodo: findByMail
2021-08-24 12:06:52,344 INFO com.dan.usuario.aspect.LogAspect [http-nio-9000-exec-9] Metodo de la clase: class com.dan.usuario.service.impl.ClienteServiceImpl
2021-08-24 12:06:52,345 INFO com.dan.usuario.aspect.LogAspect [http-nio-9000-exec-9] Argumentos: [yuudfs@gmail.com]
2021-08-24 12:06:52,349 INFO com.dan.usuario.aspect.LogAspect [http-nio-9000-exec-9] Se ha ejecutado el metodo: findByMail
2021-08-24 12:06:55,182 INFO com.dan.usuario.aspect.LogAspect [http-nio-9000-exec-10] A continuacion se ejecutara el metodo: findByMail
2021-08-24 12:06:55,183 INFO com.dan.usuario.aspect.LogAspect [http-nio-9000-exec-10] Metodo de la clase: class com.dan.usuario.service.impl.ClienteServiceImpl
2021-08-24 12:06:55,183 INFO com.dan.usuario.aspect.LogAspect [http-nio-9000-exec-10] Argumentos: [yuudfs@gmail.com]
2021-08-24 12:06:55,189 INFO com.dan.usuario.aspect.LogAspect [http-nio-9000-exec-10] Se ha ejecutado el metodo: findByMail
2021-08-24 12:07:18,335 INFO com.dan.usuario.aspect.LogAspect [http-nio-9000-exec-1] A continuacion se ejecutara el metodo: findByMail
2021-08-24 12:07:18,336 INFO com.dan.usuario.aspect.LogAspect [http-nio-9000-exec-1] Metodo de la clase: class com.dan.usuario.service.impl.ClienteServiceImpl
2021-08-24 12:07:18,337 INFO com.dan.usuario.aspect.LogAspect [http-nio-9000-exec-1] Argumentos: [yuudfs@gmail.com]
2021-08-24 12:07:18,341 INFO com.dan.usuario.aspect.LogAspect [http-nio-9000-exec-1] Se ha ejecutado el metodo: findByMail
2021-08-24 12:07:38,337 INFO com.dan.usuario.aspect.LogAspect [http-nio-9000-exec-2] A continuacion se ejecutara el metodo: findByMail
2021-08-24 12:07:38,338 INFO com.dan.usuario.aspect.LogAspect [http-nio-9000-exec-2] Metodo de la clase: class com.dan.usuario.service.impl.ClienteServiceImpl
2021-08-24 12:07:38,338 INFO com.dan.usuario.aspect.LogAspect [http-nio-9000-exec-2] Argumentos: [yuudfs@gmail.com]
2021-08-24 12:07:38,342 INFO com.dan.usuario.aspect.LogAspect [http-nio-9000-exec-2] Se ha ejecutado el metodo: findByMail
2021-08-24 12:07:51,864 INFO com.dan.usuario.aspect.LogAspect [http-nio-9000-exec-3] A continuacion se ejecutara el metodo: findByMail
2021-08-24 12:07:51,865 INFO com.dan.usuario.aspect.LogAspect [http-nio-9000-exec-3] Metodo de la clase: class com.dan.usuario.service.impl.ClienteServiceImpl
2021-08-24 12:07:51,865 INFO com.dan.usuario.aspect.LogAspect [http-nio-9000-exec-3] Argumentos: [yuudfs@gmail.com]
2021-08-24 12:07:51,869 INFO com.dan.usuario.aspect.LogAspect [http-nio-9000-exec-3] Se ha ejecutado el metodo: findByMail
2021-08-24 12:08:11,349 INFO com.dan.usuario.aspect.LogAspect [http-nio-9000-exec-4] A continuacion se ejecutara el metodo: findByMail
2021-08-24 12:08:11,349 INFO com.dan.usuario.aspect.LogAspect [http-nio-9000-exec-4] Metodo de la clase: class com.dan.usuario.service.impl.ClienteServiceImpl
2021-08-24 12:08:11,350 INFO com.dan.usuario.aspect.LogAspect [http-nio-9000-exec-4] Argumentos: [yuudfs@gmail.com]
2021-08-24 12:08:11,354 INFO com.dan.usuario.aspect.LogAspect [http-nio-9000-exec-4] Se ha ejecutado el metodo: findByMail
2021-08-24 12:08:42,270 INFO com.dan.usuario.aspect.LogAspect [http-nio-9000-exec-5] A continuacion se ejecutara el metodo: findByMail
2021-08-24 12:08:42,271 INFO com.dan.usuario.aspect.LogAspect [http-nio-9000-exec-5] Metodo de la clase: class com.dan.usuario.service.impl.ClienteServiceImpl
2021-08-24 12:08:42,272 INFO com.dan.usuario.aspect.LogAspect [http-nio-9000-exec-5] Argumentos: [yuudfs@gmail.com]
2021-08-24 12:08:42,279 INFO com.dan.usuario.aspect.LogAspect [http-nio-9000-exec-5] Se ha ejecutado el metodo: findByMail
2021-08-24 12:09:10,325 INFO com.dan.usuario.aspect.LogAspect [http-nio-9000-exec-6] A continuacion se ejecutara el metodo: findByMail
2021-08-24 12:09:10,326 INFO com.dan.usuario.aspect.LogAspect [http-nio-9000-exec-6] Metodo de la clase: class com.dan.usuario.service.impl.ClienteServiceImpl
2021-08-24 12:09:10,326 INFO com.dan.usuario.aspect.LogAspect [http-nio-9000-exec-6] Argumentos: [yuudfs@gmail.com]
2021-08-24 12:09:10,330 INFO com.dan.usuario.aspect.LogAspect [http-nio-9000-exec-6] Se ha ejecutado el metodo: findByMail
2021-08-24 12:11:49,379 INFO com.dan.usuario.aspect.LogAspect [http-nio-9000-exec-8] A continuacion se ejecutara el metodo: findByMail
2021-08-24 12:11:49,379 INFO com.dan.usuario.aspect.LogAspect [http-nio-9000-exec-8] Metodo de la clase: class com.dan.usuario.service.impl.ClienteServiceImpl
2021-08-24 12:11:49,380 INFO com.dan.usuario.aspect.LogAspect [http-nio-9000-exec-8] Argumentos: [yuudfs@gmail.com]
2021-08-24 12:11:49,384 INFO com.dan.usuario.aspect.LogAspect [http-nio-9000-exec-8] Se ha ejecutado el metodo: findByMail
2021-08-24 12:12:26,884 INFO com.dan.usuario.aspect.LogAspect [http-nio-9000-exec-9] A continuacion se ejecutara el metodo: findByMail
2021-08-24 12:12:26,885 INFO com.dan.usuario.aspect.LogAspect [http-nio-9000-exec-9] Metodo de la clase: class com.dan.usuario.service.impl.ClienteServiceImpl
2021-08-24 12:12:26,885 INFO com.dan.usuario.aspect.LogAspect [http-nio-9000-exec-9] Argumentos: [yuudfs@gmail.com]
2021-08-24 12:12:26,893 INFO com.dan.usuario.aspect.LogAspect [http-nio-9000-exec-9] Se ha ejecutado el metodo: findByMail
2021-08-24 12:14:49,319 INFO com.dan.usuario.aspect.LogAspect [http-nio-9000-exec-1] A continuacion se ejecutara el metodo: findByMail
2021-08-24 12:14:49,321 INFO com.dan.usuario.aspect.LogAspect [http-nio-9000-exec-1] Metodo de la clase: class com.dan.usuario.service.impl.ClienteServiceImpl
2021-08-24 12:14:49,321 INFO com.dan.usuario.aspect.LogAspect [http-nio-9000-exec-1] Argumentos: [yuudfs@gmail.com]
2021-08-24 12:14:49,326 INFO com.dan.usuario.aspect.LogAspect [http-nio-9000-exec-1] Se ha ejecutado el metodo: findByMail
2021-08-24 12:19:13,337 INFO com.dan.usuario.aspect.LogAspect [http-nio-9000-exec-3] A continuacion se ejecutara el metodo: findByMail
2021-08-24 12:19:13,338 INFO com.dan.usuario.aspect.LogAspect [http-nio-9000-exec-3] Metodo de la clase: class com.dan.usuario.service.impl.ClienteServiceImpl
2021-08-24 12:19:13,338 INFO com.dan.usuario.aspect.LogAspect [http-nio-9000-exec-3] Argumentos: [yuudfs@gmail.com]
2021-08-24 12:19:13,342 INFO com.dan.usuario.aspect.LogAspect [http-nio-9000-exec-3] Se ha ejecutado el metodo: findByMail
2021-08-24 12:19:49,383 INFO com.dan.usuario.aspect.LogAspect [http-nio-9000-exec-4] A continuacion se ejecutara el metodo: findByMail
2021-08-24 12:19:49,383 INFO com.dan.usuario.aspect.LogAspect [http-nio-9000-exec-4] Metodo de la clase: class com.dan.usuario.service.impl.ClienteServiceImpl
2021-08-24 12:19:49,384 INFO com.dan.usuario.aspect.LogAspect [http-nio-9000-exec-4] Argumentos: [yuudfs@gmail.com]
2021-08-24 12:19:49,388 INFO com.dan.usuario.aspect.LogAspect [http-nio-9000-exec-4] Se ha ejecutado el metodo: findByMail
2021-08-24 12:23:45,996 INFO com.dan.usuario.aspect.LogAspect [http-nio-9000-exec-6] A continuacion se ejecutara el metodo: findByMail
2021-08-24 12:23:45,997 INFO com.dan.usuario.aspect.LogAspect [http-nio-9000-exec-6] Metodo de la clase: class com.dan.usuario.service.impl.ClienteServiceImpl
2021-08-24 12:23:45,997 INFO com.dan.usuario.aspect.LogAspect [http-nio-9000-exec-6] Argumentos: [yuudfs@gmail.com]
2021-08-24 12:23:46,008 INFO com.dan.usuario.aspect.LogAspect [http-nio-9000-exec-6] Se ha ejecutado el metodo: findByMail
2021-08-24 12:24:15,444 INFO com.dan.usuario.aspect.LogAspect [http-nio-9000-exec-7] A continuacion se ejecutara el metodo: findByMail
2021-08-24 12:24:15,445 INFO com.dan.usuario.aspect.LogAspect [http-nio-9000-exec-7] Metodo de la clase: class com.dan.usuario.service.impl.ClienteServiceImpl
2021-08-24 12:24:15,445 INFO com.dan.usuario.aspect.LogAspect [http-nio-9000-exec-7] Argumentos: [yuudfs@gmail.com]
2021-08-24 12:24:15,457 INFO com.dan.usuario.aspect.LogAspect [http-nio-9000-exec-7] Se ha ejecutado el metodo: findByMail
2021-08-24 12:24:18,765 INFO com.dan.usuario.aspect.LogAspect [http-nio-9000-exec-8] A continuacion se ejecutara el metodo: findByMail
2021-08-24 12:24:18,766 INFO com.dan.usuario.aspect.LogAspect [http-nio-9000-exec-8] Metodo de la clase: class com.dan.usuario.service.impl.ClienteServiceImpl
2021-08-24 12:24:18,766 INFO com.dan.usuario.aspect.LogAspect [http-nio-9000-exec-8] Argumentos: [yuudfs@gmail.com]
2021-08-24 12:24:18,771 INFO com.dan.usuario.aspect.LogAspect [http-nio-9000-exec-8] Se ha ejecutado el metodo: findByMail
2021-08-24 12:31:47,049 INFO com.dan.usuario.aspect.LogAspect [http-nio-9000-exec-10] A continuacion se ejecutara el metodo: findByMail
2021-08-24 12:31:47,051 INFO com.dan.usuario.aspect.LogAspect [http-nio-9000-exec-10] Metodo de la clase: class com.dan.usuario.service.impl.ClienteServiceImpl
2021-08-24 12:31:47,051 INFO com.dan.usuario.aspect.LogAspect [http-nio-9000-exec-10] Argumentos: [yuudfs@gmail.com]
2021-08-24 12:31:47,058 INFO com.dan.usuario.aspect.LogAspect [http-nio-9000-exec-10] Se ha ejecutado el metodo: findByMail
2021-08-24 12:33:04,343 INFO com.dan.usuario.aspect.LogAspect [http-nio-9000-exec-2] A continuacion se ejecutara el metodo: findByMail
2021-08-24 12:33:04,344 INFO com.dan.usuario.aspect.LogAspect [http-nio-9000-exec-2] Metodo de la clase: class com.dan.usuario.service.impl.ClienteServiceImpl
2021-08-24 12:33:04,344 INFO com.dan.usuario.aspect.LogAspect [http-nio-9000-exec-2] Argumentos: [yuudfs@gmail.com]
2021-08-24 12:33:04,364 INFO com.dan.usuario.aspect.LogAspect [http-nio-9000-exec-2] Se ha ejecutado el metodo: findByMail
2021-08-24 12:34:37,340 INFO com.dan.usuario.aspect.LogAspect [http-nio-9000-exec-4] A continuacion se ejecutara el metodo: findByMail
2021-08-24 12:34:37,341 INFO com.dan.usuario.aspect.LogAspect [http-nio-9000-exec-4] Metodo de la clase: class com.dan.usuario.service.impl.ClienteServiceImpl
2021-08-24 12:34:37,342 INFO com.dan.usuario.aspect.LogAspect [http-nio-9000-exec-4] Argumentos: [yuudfs@gmail.com]
2021-08-24 12:34:37,347 INFO com.dan.usuario.aspect.LogAspect [http-nio-9000-exec-4] Se ha ejecutado el metodo: findByMail
2021-08-24 12:34:51,154 INFO com.dan.usuario.aspect.LogAspect [http-nio-9000-exec-5] A continuacion se ejecutara el metodo: findByMail
2021-08-24 12:34:51,155 INFO com.dan.usuario.aspect.LogAspect [http-nio-9000-exec-5] Metodo de la clase: class com.dan.usuario.service.impl.ClienteServiceImpl
2021-08-24 12:34:51,156 INFO com.dan.usuario.aspect.LogAspect [http-nio-9000-exec-5] Argumentos: [yuudfs@gmail.com]
2021-08-24 12:34:51,165 INFO com.dan.usuario.aspect.LogAspect [http-nio-9000-exec-5] Se ha ejecutado el metodo: findByMail
2021-08-24 12:35:01,398 INFO com.dan.usuario.aspect.LogAspect [http-nio-9000-exec-6] A continuacion se ejecutara el metodo: findByMail
2021-08-24 12:35:01,398 INFO com.dan.usuario.aspect.LogAspect [http-nio-9000-exec-6] Metodo de la clase: class com.dan.usuario.service.impl.ClienteServiceImpl
2021-08-24 12:35:01,399 INFO com.dan.usuario.aspect.LogAspect [http-nio-9000-exec-6] Argumentos: [yuudfs@gmail.com]
2021-08-24 12:35:01,402 INFO com.dan.usuario.aspect.LogAspect [http-nio-9000-exec-6] Se ha ejecutado el metodo: findByMail
2021-08-24 12:36:10,450 INFO com.dan.usuario.aspect.LogAspect [http-nio-9000-exec-8] A continuacion se ejecutara el metodo: findByMail
2021-08-24 12:36:10,451 INFO com.dan.usuario.aspect.LogAspect [http-nio-9000-exec-8] Metodo de la clase: class com.dan.usuario.service.impl.ClienteServiceImpl
2021-08-24 12:36:10,451 INFO com.dan.usuario.aspect.LogAspect [http-nio-9000-exec-8] Argumentos: [yuudfs@gmail.com]
2021-08-24 12:36:10,455 INFO com.dan.usuario.aspect.LogAspect [http-nio-9000-exec-8] Se ha ejecutado el metodo: findByMail
2021-08-24 12:39:49,760 INFO com.dan.usuario.aspect.LogAspect [http-nio-9000-exec-10] A continuacion se ejecutara el metodo: findByMail
2021-08-24 12:39:49,761 INFO com.dan.usuario.aspect.LogAspect [http-nio-9000-exec-10] Metodo de la clase: class com.dan.usuario.service.impl.ClienteServiceImpl
2021-08-24 12:39:49,762 INFO com.dan.usuario.aspect.LogAspect [http-nio-9000-exec-10] Argumentos: [yuudfs@gmail.com]
2021-08-24 12:39:49,771 INFO com.dan.usuario.aspect.LogAspect [http-nio-9000-exec-10] Se ha ejecutado el metodo: findByMail
2021-08-24 12:40:52,943 INFO com.dan.usuario.aspect.LogAspect [http-nio-9000-exec-2] A continuacion se ejecutara el metodo: findByMail
2021-08-24 12:40:52,944 INFO com.dan.usuario.aspect.LogAspect [http-nio-9000-exec-2] Metodo de la clase: class com.dan.usuario.service.impl.ClienteServiceImpl
2021-08-24 12:40:52,944 INFO com.dan.usuario.aspect.LogAspect [http-nio-9000-exec-2] Argumentos: [yuudfs@gmail.com]
2021-08-24 12:40:52,951 INFO com.dan.usuario.aspect.LogAspect [http-nio-9000-exec-2] Se ha ejecutado el metodo: findByMail
2021-08-24 12:43:45,788 INFO com.dan.usuario.aspect.LogAspect [http-nio-9000-exec-4] A continuacion se ejecutara el metodo: listarClientes
2021-08-24 12:43:45,789 INFO com.dan.usuario.aspect.LogAspect [http-nio-9000-exec-4] Metodo de la clase: class com.dan.usuario.service.impl.ClienteServiceImpl
2021-08-24 12:43:45,789 INFO com.dan.usuario.aspect.LogAspect [http-nio-9000-exec-4] Argumentos: []
2021-08-24 12:43:45,797 INFO com.dan.usuario.aspect.LogAspect [http-nio-9000-exec-4] Se ha ejecutado el metodo: listarClientes
2021-08-24 12:44:45,993 INFO com.dan.usuario.aspect.LogAspect [http-nio-9000-exec-6] A continuacion se ejecutara el metodo: listarClientes
2021-08-24 12:44:45,993 INFO com.dan.usuario.aspect.LogAspect [http-nio-9000-exec-6] Metodo de la clase: class com.dan.usuario.service.impl.ClienteServiceImpl
2021-08-24 12:44:45,993 INFO com.dan.usuario.aspect.LogAspect [http-nio-9000-exec-6] Argumentos: []
2021-08-24 12:44:45,998 INFO com.dan.usuario.aspect.LogAspect [http-nio-9000-exec-6] Se ha ejecutado el metodo: listarClientes
2021-08-24 12:44:47,921 INFO com.dan.usuario.aspect.LogAspect [http-nio-9000-exec-7] A continuacion se ejecutara el metodo: findByMail
2021-08-24 12:44:47,922 INFO com.dan.usuario.aspect.LogAspect [http-nio-9000-exec-7] Metodo de la clase: class com.dan.usuario.service.impl.ClienteServiceImpl
2021-08-24 12:44:47,923 INFO com.dan.usuario.aspect.LogAspect [http-nio-9000-exec-7] Argumentos: [yuudfs@gmail.com]
2021-08-24 12:44:47,925 INFO com.dan.usuario.aspect.LogAspect [http-nio-9000-exec-7] Se ha ejecutado el metodo: findByMail
2021-08-24 12:44:55,973 INFO com.dan.usuario.aspect.LogAspect [http-nio-9000-exec-8] A continuacion se ejecutara el metodo: findById
2021-08-24 12:44:55,973 INFO com.dan.usuario.aspect.LogAspect [http-nio-9000-exec-8] Metodo de la clase: class com.dan.usuario.service.impl.UsuarioServiceImpl
2021-08-24 12:44:55,974 INFO com.dan.usuario.aspect.LogAspect [http-nio-9000-exec-8] Argumentos: [1]
2021-08-24 12:44:56,011 INFO com.dan.usuario.aspect.LogAspect [http-nio-9000-exec-8] Se ha ejecutado el metodo: findById
2021-08-24 12:44:57,792 INFO com.dan.usuario.aspect.LogAspect [http-nio-9000-exec-9] A continuacion se ejecutara el metodo: findByMail
2021-08-24 12:44:57,793 INFO com.dan.usuario.aspect.LogAspect [http-nio-9000-exec-9] Metodo de la clase: class com.dan.usuario.service.impl.ClienteServiceImpl
2021-08-24 12:44:57,793 INFO com.dan.usuario.aspect.LogAspect [http-nio-9000-exec-9] Argumentos: [yuudfs@gmail.com]
2021-08-24 12:44:57,796 INFO com.dan.usuario.aspect.LogAspect [http-nio-9000-exec-9] Se ha ejecutado el metodo: findByMail
2021-08-24 12:45:45,345 INFO com.dan.usuario.aspect.LogAspect [http-nio-9000-exec-10] A continuacion se ejecutara el metodo: findByMail
2021-08-24 12:45:45,346 INFO com.dan.usuario.aspect.LogAspect [http-nio-9000-exec-10] Metodo de la clase: class com.dan.usuario.service.impl.ClienteServiceImpl
2021-08-24 12:45:45,347 INFO com.dan.usuario.aspect.LogAspect [http-nio-9000-exec-10] Argumentos: [yuudfs@gmail.com]
2021-08-24 12:45:45,351 INFO com.dan.usuario.aspect.LogAspect [http-nio-9000-exec-10] Se ha ejecutado el metodo: findByMail
2021-08-24 12:46:00,242 INFO com.dan.usuario.aspect.LogAspect [http-nio-9000-exec-1] A continuacion se ejecutara el metodo: findByMail
2021-08-24 12:46:00,243 INFO com.dan.usuario.aspect.LogAspect [http-nio-9000-exec-1] Metodo de la clase: class com.dan.usuario.service.impl.ClienteServiceImpl
2021-08-24 12:46:00,244 INFO com.dan.usuario.aspect.LogAspect [http-nio-9000-exec-1] Argumentos: [yuudfs@gmail.com]
2021-08-24 12:46:00,247 INFO com.dan.usuario.aspect.LogAspect [http-nio-9000-exec-1] Se ha ejecutado el metodo: findByMail
2021-08-24 12:47:14,369 INFO com.dan.usuario.aspect.LogAspect [http-nio-9000-exec-3] A continuacion se ejecutara el metodo: findByMail
2021-08-24 12:47:14,370 INFO com.dan.usuario.aspect.LogAspect [http-nio-9000-exec-3] Metodo de la clase: class com.dan.usuario.service.impl.ClienteServiceImpl
2021-08-24 12:47:14,370 INFO com.dan.usuario.aspect.LogAspect [http-nio-9000-exec-3] Argumentos: [yuudfs@gmail.com]
