2021-05-27 00:54:43,133 INFO com.dan.usuario.aspect.LogAspect [http-nio-9000-exec-10] Se ha ejecutado el metodo: createObra
2021-05-27 00:54:43,137 INFO com.dan.usuario.aspect.LogAspect [http-nio-9000-exec-10] A continuacion se ejecutara el metodo: createObra
2021-05-27 00:54:43,137 INFO com.dan.usuario.aspect.LogAspect [http-nio-9000-exec-10] Metodo de la clase: class com.dan.usuario.service.impl.ObraServiceImpl
2021-05-27 00:54:43,137 INFO com.dan.usuario.aspect.LogAspect [http-nio-9000-exec-10] Argumentos: [Obra [id=10, descripcion=Construccion de casa, latitud=-20.3, longitud=11.7, direccion=Achaval Rodríguez 1000 - Rosario, superficie=30, tipo=TipoObra [id=2, descripcion=Casa], cliente=Cliente [id=4, razonSocial=Todo Construcciones, cuit=225212555, mail=todos_construcciones@gmail.com, maxCuentaCorriente=5000.0, habilitadoOnline=false, user=Usuario [id=4, userr=todos_construcciones@gmail.com, password=1234, tipoUsuario=TipoUsuario [id=1, tipo=Cliente]]]]]
2021-05-27 00:54:43,161 INFO com.dan.usuario.aspect.LogAspect [http-nio-9000-exec-10] Se ha ejecutado el metodo: createObra
2021-05-27 00:54:43,162 INFO com.dan.usuario.aspect.LogAspect [http-nio-9000-exec-10] A continuacion se ejecutara el metodo: createObra
2021-05-27 00:54:43,162 INFO com.dan.usuario.aspect.LogAspect [http-nio-9000-exec-10] Metodo de la clase: class com.dan.usuario.service.impl.ObraServiceImpl
2021-05-27 00:54:43,162 INFO com.dan.usuario.aspect.LogAspect [http-nio-9000-exec-10] Argumentos: [Obra [id=11, descripcion=Construccion de edificio, latitud=-43.3, longitud=-25.2, direccion=Alvarez Jonte 167 - Rosario, superficie=55, tipo=TipoObra [id=3, descripcion=Edificio], cliente=Cliente [id=4, razonSocial=Todo Construcciones, cuit=225212555, mail=todos_construcciones@gmail.com, maxCuentaCorriente=5000.0, habilitadoOnline=false, user=Usuario [id=4, userr=todos_construcciones@gmail.com, password=1234, tipoUsuario=TipoUsuario [id=1, tipo=Cliente]]]]]
2021-05-27 00:54:43,163 INFO com.dan.usuario.aspect.LogAspect [http-nio-9000-exec-10] Se ha ejecutado el metodo: createObra
2021-05-27 00:54:43,164 INFO com.dan.usuario.aspect.LogAspect [http-nio-9000-exec-10] A continuacion se ejecutara el metodo: createObra
2021-05-27 00:54:43,164 INFO com.dan.usuario.aspect.LogAspect [http-nio-9000-exec-10] Metodo de la clase: class com.dan.usuario.service.impl.ObraServiceImpl
2021-05-27 00:54:43,165 INFO com.dan.usuario.aspect.LogAspect [http-nio-9000-exec-10] Argumentos: [Obra [id=12, descripcion=Asfaltado de calle, latitud=53.3, longitud=35.2, direccion=Alvarez Jonte 0 al 600 - Rosario, superficie=55, tipo=TipoObra [id=4, descripcion=Vial], cliente=Cliente [id=4, razonSocial=Todo Construcciones, cuit=225212555, mail=todos_construcciones@gmail.com, maxCuentaCorriente=5000.0, habilitadoOnline=false, user=Usuario [id=4, userr=todos_construcciones@gmail.com, password=1234, tipoUsuario=TipoUsuario [id=1, tipo=Cliente]]]]]
2021-05-27 00:54:43,166 INFO com.dan.usuario.aspect.LogAspect [http-nio-9000-exec-10] Se ha ejecutado el metodo: createObra
2021-05-27 00:55:40,726 INFO com.dan.usuario.aspect.LogAspect [http-nio-9000-exec-1] A continuacion se ejecutara el metodo: getAllObras
2021-05-27 00:55:40,727 INFO com.dan.usuario.aspect.LogAspect [http-nio-9000-exec-1] Metodo de la clase: class com.dan.usuario.service.impl.ObraServiceImpl
2021-05-27 00:55:40,727 INFO com.dan.usuario.aspect.LogAspect [http-nio-9000-exec-1] Argumentos: []
2021-05-27 00:55:40,739 INFO com.dan.usuario.aspect.LogAspect [http-nio-9000-exec-1] Se ha ejecutado el metodo: getAllObras
2021-05-27 00:55:48,009 INFO com.dan.usuario.aspect.LogAspect [http-nio-9000-exec-2] A continuacion se ejecutara el metodo: getAllObras
2021-05-27 00:55:48,009 INFO com.dan.usuario.aspect.LogAspect [http-nio-9000-exec-2] Metodo de la clase: class com.dan.usuario.service.impl.ObraServiceImpl
2021-05-27 00:55:48,009 INFO com.dan.usuario.aspect.LogAspect [http-nio-9000-exec-2] Argumentos: []
2021-05-27 00:55:48,018 INFO com.dan.usuario.aspect.LogAspect [http-nio-9000-exec-2] Se ha ejecutado el metodo: getAllObras
2021-05-27 00:55:55,829 INFO com.dan.usuario.aspect.LogAspect [http-nio-9000-exec-3] A continuacion se ejecutara el metodo: getAllObras
2021-05-27 00:55:55,830 INFO com.dan.usuario.aspect.LogAspect [http-nio-9000-exec-3] Metodo de la clase: class com.dan.usuario.service.impl.ObraServiceImpl
2021-05-27 00:55:55,830 INFO com.dan.usuario.aspect.LogAspect [http-nio-9000-exec-3] Argumentos: []
2021-05-27 00:55:55,839 INFO com.dan.usuario.aspect.LogAspect [http-nio-9000-exec-3] Se ha ejecutado el metodo: getAllObras
2021-05-27 19:38:50,183 INFO org.springframework.boot.StartupInfoLogger [restartedMain] Starting UsuarioApplication using Java 15.0.1 on DESKTOP-KTL7JPA with PID 1172 (C:\Users\Usuario\Desktop\Sistemas\Electivas\Desarrollo de aplicaciones en la Nube\Laboratorio\usuario\target\classes started by Usuario in C:\Users\Usuario\Desktop\Sistemas\Electivas\Desarrollo de aplicaciones en la Nube\Laboratorio\usuario)
2021-05-27 19:38:50,198 DEBUG org.springframework.boot.StartupInfoLogger [restartedMain] Running with Spring Boot v2.4.5, Spring v5.3.6
2021-05-27 19:38:50,199 INFO org.springframework.boot.SpringApplication [restartedMain] No active profile set, falling back to default profiles: default
2021-05-27 19:38:57,268 INFO org.springframework.boot.StartupInfoLogger [restartedMain] Started UsuarioApplication in 7.589 seconds (JVM running for 8.6)
2021-05-27 19:39:42,701 INFO com.dan.usuario.aspect.LogAspect [http-nio-9000-exec-8] A continuacion se ejecutara el metodo: crearCliente
2021-05-27 19:39:42,702 INFO com.dan.usuario.aspect.LogAspect [http-nio-9000-exec-8] Metodo de la clase: class com.dan.usuario.service.impl.ClienteServiceImpl
2021-05-27 19:39:42,703 INFO com.dan.usuario.aspect.LogAspect [http-nio-9000-exec-8] Argumentos: [Cliente [id=null, razonSocial=Construcciones Pablito, cuit=2038928293, mail=yuudfs@gmail.com, maxCuentaCorriente=5000.0, habilitadoOnline=false, user=Usuario [id=null, userr=yuudfs@gmail.com, password=1234, tipoUsuario=TipoUsuario [id=1, tipo=Cliente]]]]
2021-05-27 19:39:42,795 INFO com.dan.usuario.aspect.LogAspect [http-nio-9000-exec-8] Se ha ejecutado el metodo: crearCliente
2021-05-27 19:39:42,795 INFO com.dan.usuario.aspect.LogAspect [http-nio-9000-exec-8] A continuacion se ejecutara el metodo: createObra
2021-05-27 19:39:42,796 INFO com.dan.usuario.aspect.LogAspect [http-nio-9000-exec-8] Metodo de la clase: class com.dan.usuario.service.impl.ObraServiceImpl
2021-05-27 19:39:42,796 INFO com.dan.usuario.aspect.LogAspect [http-nio-9000-exec-8] Argumentos: [Obra [id=1, descripcion=Casa simple, latitud=43.3, longitud=-21.7, direccion=San Luis 2342 - Parana, superficie=25, tipo=TipoObra [id=2, descripcion=Casa], cliente=Cliente [id=1, razonSocial=Construcciones Pablito, cuit=2038928293, mail=yuudfs@gmail.com, maxCuentaCorriente=5000.0, habilitadoOnline=false, user=Usuario [id=1, userr=yuudfs@gmail.com, password=1234, tipoUsuario=TipoUsuario [id=1, tipo=Cliente]]]]]
2021-05-27 19:39:42,805 INFO com.dan.usuario.aspect.LogAspect [http-nio-9000-exec-8] Se ha ejecutado el metodo: createObra
2021-05-27 19:39:42,805 INFO com.dan.usuario.aspect.LogAspect [http-nio-9000-exec-8] A continuacion se ejecutara el metodo: createObra
2021-05-27 19:39:42,805 INFO com.dan.usuario.aspect.LogAspect [http-nio-9000-exec-8] Metodo de la clase: class com.dan.usuario.service.impl.ObraServiceImpl
2021-05-27 19:39:42,805 INFO com.dan.usuario.aspect.LogAspect [http-nio-9000-exec-8] Argumentos: [Obra [id=2, descripcion=Reforma de iglesia, latitud=51.3, longitud=-11.7, direccion=9 de Junio 432 - Laguna Paiva, superficie=50, tipo=TipoObra [id=1, descripcion=Reforma], cliente=Cliente [id=1, razonSocial=Construcciones Pablito, cuit=2038928293, mail=yuudfs@gmail.com, maxCuentaCorriente=5000.0, habilitadoOnline=false, user=Usuario [id=1, userr=yuudfs@gmail.com, password=1234, tipoUsuario=TipoUsuario [id=1, tipo=Cliente]]]]]
2021-05-27 19:39:42,807 INFO com.dan.usuario.aspect.LogAspect [http-nio-9000-exec-8] Se ha ejecutado el metodo: createObra
2021-05-27 19:39:45,704 INFO com.dan.usuario.aspect.LogAspect [http-nio-9000-exec-9] A continuacion se ejecutara el metodo: crearCliente
2021-05-27 19:39:45,705 INFO com.dan.usuario.aspect.LogAspect [http-nio-9000-exec-9] Metodo de la clase: class com.dan.usuario.service.impl.ClienteServiceImpl
2021-05-27 19:39:45,705 INFO com.dan.usuario.aspect.LogAspect [http-nio-9000-exec-9] Argumentos: [Cliente [id=null, razonSocial=Reformate, cuit=2454020324, mail=reformate_da@gmail.com, maxCuentaCorriente=5000.0, habilitadoOnline=false, user=Usuario [id=null, userr=reformate_da@gmail.com, password=1234, tipoUsuario=TipoUsuario [id=1, tipo=Cliente]]]]
2021-05-27 19:39:45,719 INFO com.dan.usuario.aspect.LogAspect [http-nio-9000-exec-9] Se ha ejecutado el metodo: crearCliente
2021-05-27 19:39:45,720 INFO com.dan.usuario.aspect.LogAspect [http-nio-9000-exec-9] A continuacion se ejecutara el metodo: createObra
2021-05-27 19:39:45,720 INFO com.dan.usuario.aspect.LogAspect [http-nio-9000-exec-9] Metodo de la clase: class com.dan.usuario.service.impl.ObraServiceImpl
2021-05-27 19:39:45,720 INFO com.dan.usuario.aspect.LogAspect [http-nio-9000-exec-9] Argumentos: [Obra [id=3, descripcion=Reforma de parque, latitud=60.3, longitud=31.7, direccion=27 de Febrero 220 - Rosario, superficie=50, tipo=TipoObra [id=1, descripcion=Reforma], cliente=Cliente [id=2, razonSocial=Reformate, cuit=2454020324, mail=reformate_da@gmail.com, maxCuentaCorriente=5000.0, habilitadoOnline=false, user=Usuario [id=2, userr=reformate_da@gmail.com, password=1234, tipoUsuario=TipoUsuario [id=1, tipo=Cliente]]]]]
2021-05-27 19:39:45,722 INFO com.dan.usuario.aspect.LogAspect [http-nio-9000-exec-9] Se ha ejecutado el metodo: createObra
2021-05-27 19:39:45,723 INFO com.dan.usuario.aspect.LogAspect [http-nio-9000-exec-9] A continuacion se ejecutara el metodo: createObra
2021-05-27 19:39:45,723 INFO com.dan.usuario.aspect.LogAspect [http-nio-9000-exec-9] Metodo de la clase: class com.dan.usuario.service.impl.ObraServiceImpl
2021-05-27 19:39:45,723 INFO com.dan.usuario.aspect.LogAspect [http-nio-9000-exec-9] Argumentos: [Obra [id=4, descripcion=Reforma de escuela, latitud=20.3, longitud=11.7, direccion=Achaval Rodríguez 1399 - Rosario, superficie=50, tipo=TipoObra [id=1, descripcion=Reforma], cliente=Cliente [id=2, razonSocial=Reformate, cuit=2454020324, mail=reformate_da@gmail.com, maxCuentaCorriente=5000.0, habilitadoOnline=false, user=Usuario [id=2, userr=reformate_da@gmail.com, password=1234, tipoUsuario=TipoUsuario [id=1, tipo=Cliente]]]]]
2021-05-27 19:39:45,725 INFO com.dan.usuario.aspect.LogAspect [http-nio-9000-exec-9] Se ha ejecutado el metodo: createObra
2021-05-27 19:39:45,725 INFO com.dan.usuario.aspect.LogAspect [http-nio-9000-exec-9] A continuacion se ejecutara el metodo: createObra
2021-05-27 19:39:45,726 INFO com.dan.usuario.aspect.LogAspect [http-nio-9000-exec-9] Metodo de la clase: class com.dan.usuario.service.impl.ObraServiceImpl
2021-05-27 19:39:45,726 INFO com.dan.usuario.aspect.LogAspect [http-nio-9000-exec-9] Argumentos: [Obra [id=5, descripcion=Reforma de escuela, latitud=43.3, longitud=25.2, direccion=Alvarez Jonte 777 - Rosario, superficie=55, tipo=TipoObra [id=1, descripcion=Reforma], cliente=Cliente [id=2, razonSocial=Reformate, cuit=2454020324, mail=reformate_da@gmail.com, maxCuentaCorriente=5000.0, habilitadoOnline=false, user=Usuario [id=2, userr=reformate_da@gmail.com, password=1234, tipoUsuario=TipoUsuario [id=1, tipo=Cliente]]]]]
2021-05-27 19:39:45,727 INFO com.dan.usuario.aspect.LogAspect [http-nio-9000-exec-9] Se ha ejecutado el metodo: createObra
2021-05-27 19:39:48,332 INFO com.dan.usuario.aspect.LogAspect [http-nio-9000-exec-10] A continuacion se ejecutara el metodo: crearCliente
2021-05-27 19:39:48,332 INFO com.dan.usuario.aspect.LogAspect [http-nio-9000-exec-10] Metodo de la clase: class com.dan.usuario.service.impl.ClienteServiceImpl
2021-05-27 19:39:48,332 INFO com.dan.usuario.aspect.LogAspect [http-nio-9000-exec-10] Argumentos: [Cliente [id=null, razonSocial=AmazingBuildings, cuit=2000318319, mail=ab2000@gmail.com, maxCuentaCorriente=5000.0, habilitadoOnline=false, user=Usuario [id=null, userr=ab2000@gmail.com, password=1234, tipoUsuario=TipoUsuario [id=1, tipo=Cliente]]]]
2021-05-27 19:39:48,359 INFO com.dan.usuario.aspect.LogAspect [http-nio-9000-exec-10] Se ha ejecutado el metodo: crearCliente
2021-05-27 19:39:48,360 INFO com.dan.usuario.aspect.LogAspect [http-nio-9000-exec-10] A continuacion se ejecutara el metodo: createObra
2021-05-27 19:39:48,360 INFO com.dan.usuario.aspect.LogAspect [http-nio-9000-exec-10] Metodo de la clase: class com.dan.usuario.service.impl.ObraServiceImpl
2021-05-27 19:39:48,360 INFO com.dan.usuario.aspect.LogAspect [http-nio-9000-exec-10] Argumentos: [Obra [id=6, descripcion=Construccion de edificio, latitud=60.3, longitud=31.7, direccion=27 de Febrero 222 - Rosario, superficie=55, tipo=TipoObra [id=3, descripcion=Edificio], cliente=Cliente [id=3, razonSocial=AmazingBuildings, cuit=2000318319, mail=ab2000@gmail.com, maxCuentaCorriente=5000.0, habilitadoOnline=false, user=Usuario [id=3, userr=ab2000@gmail.com, password=1234, tipoUsuario=TipoUsuario [id=1, tipo=Cliente]]]]]
2021-05-27 19:39:48,362 INFO com.dan.usuario.aspect.LogAspect [http-nio-9000-exec-10] Se ha ejecutado el metodo: createObra
2021-05-27 19:39:48,362 INFO com.dan.usuario.aspect.LogAspect [http-nio-9000-exec-10] A continuacion se ejecutara el metodo: createObra
2021-05-27 19:39:48,362 INFO com.dan.usuario.aspect.LogAspect [http-nio-9000-exec-10] Metodo de la clase: class com.dan.usuario.service.impl.ObraServiceImpl
2021-05-27 19:39:48,363 INFO com.dan.usuario.aspect.LogAspect [http-nio-9000-exec-10] Argumentos: [Obra [id=7, descripcion=Construccion de casa, latitud=20.3, longitud=11.7, direccion=Achaval Rodríguez 123 - Rosario, superficie=30, tipo=TipoObra [id=2, descripcion=Casa], cliente=Cliente [id=3, razonSocial=AmazingBuildings, cuit=2000318319, mail=ab2000@gmail.com, maxCuentaCorriente=5000.0, habilitadoOnline=false, user=Usuario [id=3, userr=ab2000@gmail.com, password=1234, tipoUsuario=TipoUsuario [id=1, tipo=Cliente]]]]]
2021-05-27 19:39:48,364 INFO com.dan.usuario.aspect.LogAspect [http-nio-9000-exec-10] Se ha ejecutado el metodo: createObra
2021-05-27 19:39:48,365 INFO com.dan.usuario.aspect.LogAspect [http-nio-9000-exec-10] A continuacion se ejecutara el metodo: createObra
2021-05-27 19:39:48,365 INFO com.dan.usuario.aspect.LogAspect [http-nio-9000-exec-10] Metodo de la clase: class com.dan.usuario.service.impl.ObraServiceImpl
2021-05-27 19:39:48,365 INFO com.dan.usuario.aspect.LogAspect [http-nio-9000-exec-10] Argumentos: [Obra [id=8, descripcion=Construccion de edificio, latitud=43.3, longitud=25.2, direccion=Alvarez Jonte 742 - Rosario, superficie=50, tipo=TipoObra [id=3, descripcion=Edificio], cliente=Cliente [id=3, razonSocial=AmazingBuildings, cuit=2000318319, mail=ab2000@gmail.com, maxCuentaCorriente=5000.0, habilitadoOnline=false, user=Usuario [id=3, userr=ab2000@gmail.com, password=1234, tipoUsuario=TipoUsuario [id=1, tipo=Cliente]]]]]
2021-05-27 19:39:48,366 INFO com.dan.usuario.aspect.LogAspect [http-nio-9000-exec-10] Se ha ejecutado el metodo: createObra
2021-05-27 19:39:52,283 INFO com.dan.usuario.aspect.LogAspect [http-nio-9000-exec-1] A continuacion se ejecutara el metodo: crearCliente
2021-05-27 19:39:52,284 INFO com.dan.usuario.aspect.LogAspect [http-nio-9000-exec-1] Metodo de la clase: class com.dan.usuario.service.impl.ClienteServiceImpl
2021-05-27 19:39:52,284 INFO com.dan.usuario.aspect.LogAspect [http-nio-9000-exec-1] Argumentos: [Cliente [id=null, razonSocial=Todo Construcciones, cuit=225212555, mail=todos_construcciones@gmail.com, maxCuentaCorriente=5000.0, habilitadoOnline=false, user=Usuario [id=null, userr=todos_construcciones@gmail.com, password=1234, tipoUsuario=TipoUsuario [id=1, tipo=Cliente]]]]
2021-05-27 19:39:52,293 INFO com.dan.usuario.aspect.LogAspect [http-nio-9000-exec-1] Se ha ejecutado el metodo: crearCliente
2021-05-27 19:39:52,293 INFO com.dan.usuario.aspect.LogAspect [http-nio-9000-exec-1] A continuacion se ejecutara el metodo: createObra
2021-05-27 19:39:52,294 INFO com.dan.usuario.aspect.LogAspect [http-nio-9000-exec-1] Metodo de la clase: class com.dan.usuario.service.impl.ObraServiceImpl
2021-05-27 19:39:52,294 INFO com.dan.usuario.aspect.LogAspect [http-nio-9000-exec-1] Argumentos: [Obra [id=9, descripcion=Reforma de parque, latitud=60.3, longitud=-31.7, direccion=27 de Febrero 620 - Rosario, superficie=30, tipo=TipoObra [id=1, descripcion=Reforma], cliente=Cliente [id=4, razonSocial=Todo Construcciones, cuit=225212555, mail=todos_construcciones@gmail.com, maxCuentaCorriente=5000.0, habilitadoOnline=false, user=Usuario [id=4, userr=todos_construcciones@gmail.com, password=1234, tipoUsuario=TipoUsuario [id=1, tipo=Cliente]]]]]
2021-05-27 19:39:52,296 INFO com.dan.usuario.aspect.LogAspect [http-nio-9000-exec-1] Se ha ejecutado el metodo: createObra
2021-05-27 19:39:52,297 INFO com.dan.usuario.aspect.LogAspect [http-nio-9000-exec-1] A continuacion se ejecutara el metodo: createObra
2021-05-27 19:39:52,297 INFO com.dan.usuario.aspect.LogAspect [http-nio-9000-exec-1] Metodo de la clase: class com.dan.usuario.service.impl.ObraServiceImpl
2021-05-27 19:39:52,297 INFO com.dan.usuario.aspect.LogAspect [http-nio-9000-exec-1] Argumentos: [Obra [id=10, descripcion=Construccion de casa, latitud=-20.3, longitud=11.7, direccion=Achaval Rodríguez 1000 - Rosario, superficie=30, tipo=TipoObra [id=2, descripcion=Casa], cliente=Cliente [id=4, razonSocial=Todo Construcciones, cuit=225212555, mail=todos_construcciones@gmail.com, maxCuentaCorriente=5000.0, habilitadoOnline=false, user=Usuario [id=4, userr=todos_construcciones@gmail.com, password=1234, tipoUsuario=TipoUsuario [id=1, tipo=Cliente]]]]]
2021-05-27 19:39:52,299 INFO com.dan.usuario.aspect.LogAspect [http-nio-9000-exec-1] Se ha ejecutado el metodo: createObra
2021-05-27 19:39:52,299 INFO com.dan.usuario.aspect.LogAspect [http-nio-9000-exec-1] A continuacion se ejecutara el metodo: createObra
2021-05-27 19:39:52,299 INFO com.dan.usuario.aspect.LogAspect [http-nio-9000-exec-1] Metodo de la clase: class com.dan.usuario.service.impl.ObraServiceImpl
2021-05-27 19:39:52,299 INFO com.dan.usuario.aspect.LogAspect [http-nio-9000-exec-1] Argumentos: [Obra [id=11, descripcion=Construccion de edificio, latitud=-43.3, longitud=-25.2, direccion=Alvarez Jonte 167 - Rosario, superficie=55, tipo=TipoObra [id=3, descripcion=Edificio], cliente=Cliente [id=4, razonSocial=Todo Construcciones, cuit=225212555, mail=todos_construcciones@gmail.com, maxCuentaCorriente=5000.0, habilitadoOnline=false, user=Usuario [id=4, userr=todos_construcciones@gmail.com, password=1234, tipoUsuario=TipoUsuario [id=1, tipo=Cliente]]]]]
2021-05-27 19:39:52,301 INFO com.dan.usuario.aspect.LogAspect [http-nio-9000-exec-1] Se ha ejecutado el metodo: createObra
2021-05-27 19:39:52,302 INFO com.dan.usuario.aspect.LogAspect [http-nio-9000-exec-1] A continuacion se ejecutara el metodo: createObra
2021-05-27 19:39:52,302 INFO com.dan.usuario.aspect.LogAspect [http-nio-9000-exec-1] Metodo de la clase: class com.dan.usuario.service.impl.ObraServiceImpl
2021-05-27 19:39:52,302 INFO com.dan.usuario.aspect.LogAspect [http-nio-9000-exec-1] Argumentos: [Obra [id=12, descripcion=Asfaltado de calle, latitud=53.3, longitud=35.2, direccion=Alvarez Jonte 0 al 600 - Rosario, superficie=55, tipo=TipoObra [id=4, descripcion=Vial], cliente=Cliente [id=4, razonSocial=Todo Construcciones, cuit=225212555, mail=todos_construcciones@gmail.com, maxCuentaCorriente=5000.0, habilitadoOnline=false, user=Usuario [id=4, userr=todos_construcciones@gmail.com, password=1234, tipoUsuario=TipoUsuario [id=1, tipo=Cliente]]]]]
2021-05-27 19:39:52,304 INFO com.dan.usuario.aspect.LogAspect [http-nio-9000-exec-1] Se ha ejecutado el metodo: createObra
2021-05-27 19:39:57,983 INFO com.dan.usuario.aspect.LogAspect [http-nio-9000-exec-2] A continuacion se ejecutara el metodo: createObra
2021-05-27 19:39:57,984 INFO com.dan.usuario.aspect.LogAspect [http-nio-9000-exec-2] Metodo de la clase: class com.dan.usuario.service.impl.ObraServiceImpl
2021-05-27 19:39:57,984 INFO com.dan.usuario.aspect.LogAspect [http-nio-9000-exec-2] Argumentos: [Obra [id=null, descripcion=Casa quinta, latitud=14.2, longitud=21.4, direccion=Entre Rios 750 - Santa Fe, superficie=35, tipo=TipoObra [id=2, descripcion=Casa], cliente=Cliente [id=1, razonSocial=null, cuit=null, mail=null, maxCuentaCorriente=null, habilitadoOnline=null, user=null]]]
